[0.006s] Invoking command in '/home/alexis/bipp_ws/build/my_robot_bringup': CMAKE_PREFIX_PATH=${CMAKE_PREFIX_PATH}:/home/alexis/ros2_ws/install/my_py_pkg:/opt/ros/jazzy DEBUGINFOD_URLS=https://debuginfod.ubuntu.com /usr/bin/cmake /home/alexis/bipp_ws/src/my_robot_bringup -DCMAKE_INSTALL_PREFIX=/home/alexis/bipp_ws/install/my_robot_bringup
[0.152s] -- The C compiler identification is GNU 13.3.0
[0.241s] -- The CXX compiler identification is GNU 13.3.0
[0.264s] -- Detecting C compiler ABI info
[0.323s] -- Detecting C compiler ABI info - done
[0.328s] -- Check for working C compiler: /usr/bin/cc - skipped
[0.329s] -- Detecting C compile features
[0.329s] -- Detecting C compile features - done
[0.335s] -- Detecting CXX compiler ABI info
[0.389s] -- Detecting CXX compiler ABI info - done
[0.396s] -- Check for working CXX compiler: /usr/bin/c++ - skipped
[0.396s] -- Detecting CXX compile features
[0.396s] -- Detecting CXX compile features - done
[0.412s] -- Found ament_cmake: 2.5.4 (/opt/ros/jazzy/share/ament_cmake/cmake)
[0.507s] -- Found Python3: /usr/bin/python3 (found version "3.12.3") found components: Interpreter 
[0.663s] -- Configuring done (0.7s)
[0.665s] -- Generating done (0.0s)
[0.666s] -- Build files have been written to: /home/alexis/bipp_ws/build/my_robot_bringup
[0.670s] Invoked command in '/home/alexis/bipp_ws/build/my_robot_bringup' returned '0': CMAKE_PREFIX_PATH=${CMAKE_PREFIX_PATH}:/home/alexis/ros2_ws/install/my_py_pkg:/opt/ros/jazzy DEBUGINFOD_URLS=https://debuginfod.ubuntu.com /usr/bin/cmake /home/alexis/bipp_ws/src/my_robot_bringup -DCMAKE_INSTALL_PREFIX=/home/alexis/bipp_ws/install/my_robot_bringup
[0.670s] Invoking command in '/home/alexis/bipp_ws/build/my_robot_bringup': CMAKE_PREFIX_PATH=${CMAKE_PREFIX_PATH}:/home/alexis/ros2_ws/install/my_py_pkg:/opt/ros/jazzy DEBUGINFOD_URLS=https://debuginfod.ubuntu.com /usr/bin/cmake --build /home/alexis/bipp_ws/build/my_robot_bringup -- -j4 -l4
[0.691s] Invoked command in '/home/alexis/bipp_ws/build/my_robot_bringup' returned '0': CMAKE_PREFIX_PATH=${CMAKE_PREFIX_PATH}:/home/alexis/ros2_ws/install/my_py_pkg:/opt/ros/jazzy DEBUGINFOD_URLS=https://debuginfod.ubuntu.com /usr/bin/cmake --build /home/alexis/bipp_ws/build/my_robot_bringup -- -j4 -l4
[0.700s] Invoking command in '/home/alexis/bipp_ws/build/my_robot_bringup': CMAKE_PREFIX_PATH=${CMAKE_PREFIX_PATH}:/home/alexis/ros2_ws/install/my_py_pkg:/opt/ros/jazzy DEBUGINFOD_URLS=https://debuginfod.ubuntu.com /usr/bin/cmake --install /home/alexis/bipp_ws/build/my_robot_bringup
[0.705s] -- Install configuration: ""
[0.705s] -- Installing: /home/alexis/bipp_ws/install/my_robot_bringup/share/my_robot_bringup//launch
[0.705s] -- Installing: /home/alexis/bipp_ws/install/my_robot_bringup/share/my_robot_bringup//launch/my_robot_gazebo.launch
[0.705s] -- Installing: /home/alexis/bipp_ws/install/my_robot_bringup/share/ament_index/resource_index/package_run_dependencies/my_robot_bringup
[0.705s] -- Installing: /home/alexis/bipp_ws/install/my_robot_bringup/share/ament_index/resource_index/parent_prefix_path/my_robot_bringup
[0.706s] -- Installing: /home/alexis/bipp_ws/install/my_robot_bringup/share/my_robot_bringup/environment/ament_prefix_path.sh
[0.706s] -- Installing: /home/alexis/bipp_ws/install/my_robot_bringup/share/my_robot_bringup/environment/ament_prefix_path.dsv
[0.706s] -- Installing: /home/alexis/bipp_ws/install/my_robot_bringup/share/my_robot_bringup/environment/path.sh
[0.706s] -- Installing: /home/alexis/bipp_ws/install/my_robot_bringup/share/my_robot_bringup/environment/path.dsv
[0.706s] -- Installing: /home/alexis/bipp_ws/install/my_robot_bringup/share/my_robot_bringup/local_setup.bash
[0.706s] -- Installing: /home/alexis/bipp_ws/install/my_robot_bringup/share/my_robot_bringup/local_setup.sh
[0.706s] -- Installing: /home/alexis/bipp_ws/install/my_robot_bringup/share/my_robot_bringup/local_setup.zsh
[0.706s] -- Installing: /home/alexis/bipp_ws/install/my_robot_bringup/share/my_robot_bringup/local_setup.dsv
[0.706s] -- Installing: /home/alexis/bipp_ws/install/my_robot_bringup/share/my_robot_bringup/package.dsv
[0.707s] -- Installing: /home/alexis/bipp_ws/install/my_robot_bringup/share/ament_index/resource_index/packages/my_robot_bringup
[0.707s] -- Installing: /home/alexis/bipp_ws/install/my_robot_bringup/share/my_robot_bringup/cmake/my_robot_bringupConfig.cmake
[0.707s] -- Installing: /home/alexis/bipp_ws/install/my_robot_bringup/share/my_robot_bringup/cmake/my_robot_bringupConfig-version.cmake
[0.707s] -- Installing: /home/alexis/bipp_ws/install/my_robot_bringup/share/my_robot_bringup/package.xml
[0.710s] Invoked command in '/home/alexis/bipp_ws/build/my_robot_bringup' returned '0': CMAKE_PREFIX_PATH=${CMAKE_PREFIX_PATH}:/home/alexis/ros2_ws/install/my_py_pkg:/opt/ros/jazzy DEBUGINFOD_URLS=https://debuginfod.ubuntu.com /usr/bin/cmake --install /home/alexis/bipp_ws/build/my_robot_bringup
