[0.008s] Invoking command in '/home/alexis/bipp_ws/build/my_robot_bringup': CMAKE_PREFIX_PATH=${CMAKE_PREFIX_PATH}:/home/alexis/ros2_ws/install/my_py_pkg:/opt/ros/jazzy DEBUGINFOD_URLS=https://debuginfod.ubuntu.com /usr/bin/cmake --build /home/alexis/bipp_ws/build/my_robot_bringup -- -j4 -l4
[0.022s] -- Found ament_cmake: 2.5.4 (/opt/ros/jazzy/share/ament_cmake/cmake)
[0.163s] -- Configuring done (0.1s)
[0.166s] -- Generating done (0.0s)
[0.167s] -- Build files have been written to: /home/alexis/bipp_ws/build/my_robot_bringup
[0.181s] Invoked command in '/home/alexis/bipp_ws/build/my_robot_bringup' returned '0': CMAKE_PREFIX_PATH=${CMAKE_PREFIX_PATH}:/home/alexis/ros2_ws/install/my_py_pkg:/opt/ros/jazzy DEBUGINFOD_URLS=https://debuginfod.ubuntu.com /usr/bin/cmake --build /home/alexis/bipp_ws/build/my_robot_bringup -- -j4 -l4
[0.182s] Invoking command in '/home/alexis/bipp_ws/build/my_robot_bringup': CMAKE_PREFIX_PATH=${CMAKE_PREFIX_PATH}:/home/alexis/ros2_ws/install/my_py_pkg:/opt/ros/jazzy DEBUGINFOD_URLS=https://debuginfod.ubuntu.com /usr/bin/cmake --install /home/alexis/bipp_ws/build/my_robot_bringup
[0.186s] -- Install configuration: ""
[0.186s] -- Up-to-date: /home/alexis/bipp_ws/install/my_robot_bringup/share/my_robot_bringup//launch
[0.186s] -- Installing: /home/alexis/bipp_ws/install/my_robot_bringup/share/my_robot_bringup//launch/my_robot_gazebo.launch
[0.186s] -- Up-to-date: /home/alexis/bipp_ws/install/my_robot_bringup/share/my_robot_bringup//config
[0.186s] -- Up-to-date: /home/alexis/bipp_ws/install/my_robot_bringup/share/my_robot_bringup//config/gazebo_bridge.yaml
[0.186s] -- Installing: /home/alexis/bipp_ws/install/my_robot_bringup/share/ament_index/resource_index/package_run_dependencies/my_robot_bringup
[0.187s] -- Up-to-date: /home/alexis/bipp_ws/install/my_robot_bringup/share/ament_index/resource_index/parent_prefix_path/my_robot_bringup
[0.187s] -- Up-to-date: /home/alexis/bipp_ws/install/my_robot_bringup/share/my_robot_bringup/environment/ament_prefix_path.sh
[0.187s] -- Up-to-date: /home/alexis/bipp_ws/install/my_robot_bringup/share/my_robot_bringup/environment/ament_prefix_path.dsv
[0.187s] -- Up-to-date: /home/alexis/bipp_ws/install/my_robot_bringup/share/my_robot_bringup/environment/path.sh
[0.187s] -- Up-to-date: /home/alexis/bipp_ws/install/my_robot_bringup/share/my_robot_bringup/environment/path.dsv
[0.187s] -- Up-to-date: /home/alexis/bipp_ws/install/my_robot_bringup/share/my_robot_bringup/local_setup.bash
[0.187s] -- Up-to-date: /home/alexis/bipp_ws/install/my_robot_bringup/share/my_robot_bringup/local_setup.sh
[0.187s] -- Up-to-date: /home/alexis/bipp_ws/install/my_robot_bringup/share/my_robot_bringup/local_setup.zsh
[0.187s] -- Up-to-date: /home/alexis/bipp_ws/install/my_robot_bringup/share/my_robot_bringup/local_setup.dsv
[0.187s] -- Installing: /home/alexis/bipp_ws/install/my_robot_bringup/share/my_robot_bringup/package.dsv
[0.188s] -- Up-to-date: /home/alexis/bipp_ws/install/my_robot_bringup/share/ament_index/resource_index/packages/my_robot_bringup
[0.188s] -- Up-to-date: /home/alexis/bipp_ws/install/my_robot_bringup/share/my_robot_bringup/cmake/my_robot_bringupConfig.cmake
[0.188s] -- Up-to-date: /home/alexis/bipp_ws/install/my_robot_bringup/share/my_robot_bringup/cmake/my_robot_bringupConfig-version.cmake
[0.188s] -- Installing: /home/alexis/bipp_ws/install/my_robot_bringup/share/my_robot_bringup/package.xml
[0.189s] Invoked command in '/home/alexis/bipp_ws/build/my_robot_bringup' returned '0': CMAKE_PREFIX_PATH=${CMAKE_PREFIX_PATH}:/home/alexis/ros2_ws/install/my_py_pkg:/opt/ros/jazzy DEBUGINFOD_URLS=https://debuginfod.ubuntu.com /usr/bin/cmake --install /home/alexis/bipp_ws/build/my_robot_bringup
