[0.015s] Invoking command in '/home/alexis/bipp_ws/build/V1_Robot_Mobil_description': CMAKE_PREFIX_PATH=${CMAKE_PREFIX_PATH}:/home/alexis/ros2_ws/install/my_py_pkg:/opt/ros/jazzy DEBUGINFOD_URLS=https://debuginfod.ubuntu.com /usr/bin/cmake /home/alexis/bipp_ws/src/V1_Robot_Mobil_description -DCMAKE_INSTALL_PREFIX=/home/alexis/bipp_ws/install/V1_Robot_Mobil_description
[0.163s] -- The C compiler identification is GNU 13.3.0
[0.252s] -- The CXX compiler identification is GNU 13.3.0
[0.275s] -- Detecting C compiler ABI info
[0.333s] -- Detecting C compiler ABI info - done
[0.339s] -- Check for working C compiler: /usr/bin/cc - skipped
[0.339s] -- Detecting C compile features
[0.340s] -- Detecting C compile features - done
[0.346s] -- Detecting CXX compiler ABI info
[0.401s] -- Detecting CXX compiler ABI info - done
[0.406s] -- Check for working CXX compiler: /usr/bin/c++ - skipped
[0.407s] -- Detecting CXX compile features
[0.407s] -- Detecting CXX compile features - done
[0.423s] -- Found ament_cmake: 2.5.4 (/opt/ros/jazzy/share/ament_cmake/cmake)
[0.518s] -- Found Python3: /usr/bin/python3 (found version "3.12.3") found components: Interpreter 
[0.659s] WARNING: Package name "V1_Robot_Mobil_description" does not follow the naming conventions. It should start with a lower case letter and only contain lower case letters, digits, underscores, and dashes.
[0.674s] -- Configuring done (0.7s)
[0.675s] -- Generating done (0.0s)
[0.676s] -- Build files have been written to: /home/alexis/bipp_ws/build/V1_Robot_Mobil_description
[0.681s] Invoked command in '/home/alexis/bipp_ws/build/V1_Robot_Mobil_description' returned '0': CMAKE_PREFIX_PATH=${CMAKE_PREFIX_PATH}:/home/alexis/ros2_ws/install/my_py_pkg:/opt/ros/jazzy DEBUGINFOD_URLS=https://debuginfod.ubuntu.com /usr/bin/cmake /home/alexis/bipp_ws/src/V1_Robot_Mobil_description -DCMAKE_INSTALL_PREFIX=/home/alexis/bipp_ws/install/V1_Robot_Mobil_description
[0.681s] Invoking command in '/home/alexis/bipp_ws/build/V1_Robot_Mobil_description': CMAKE_PREFIX_PATH=${CMAKE_PREFIX_PATH}:/home/alexis/ros2_ws/install/my_py_pkg:/opt/ros/jazzy DEBUGINFOD_URLS=https://debuginfod.ubuntu.com /usr/bin/cmake --build /home/alexis/bipp_ws/build/V1_Robot_Mobil_description -- -j4 -l4
[0.711s] Invoked command in '/home/alexis/bipp_ws/build/V1_Robot_Mobil_description' returned '0': CMAKE_PREFIX_PATH=${CMAKE_PREFIX_PATH}:/home/alexis/ros2_ws/install/my_py_pkg:/opt/ros/jazzy DEBUGINFOD_URLS=https://debuginfod.ubuntu.com /usr/bin/cmake --build /home/alexis/bipp_ws/build/V1_Robot_Mobil_description -- -j4 -l4
[0.712s] Invoking command in '/home/alexis/bipp_ws/build/V1_Robot_Mobil_description': CMAKE_PREFIX_PATH=${CMAKE_PREFIX_PATH}:/home/alexis/ros2_ws/install/my_py_pkg:/opt/ros/jazzy DEBUGINFOD_URLS=https://debuginfod.ubuntu.com /usr/bin/cmake --install /home/alexis/bipp_ws/build/V1_Robot_Mobil_description
[0.715s] -- Install configuration: ""
[0.715s] -- Installing: /home/alexis/bipp_ws/install/V1_Robot_Mobil_description/share/V1_Robot_Mobil_description//urdf
[0.716s] -- Installing: /home/alexis/bipp_ws/install/V1_Robot_Mobil_description/share/V1_Robot_Mobil_description//urdf/V1_Robot_Mobil_gazebo.xacro
[0.717s] -- Installing: /home/alexis/bipp_ws/install/V1_Robot_Mobil_description/share/V1_Robot_Mobil_description//urdf/materials.xacro
[0.717s] -- Installing: /home/alexis/bipp_ws/install/V1_Robot_Mobil_description/share/V1_Robot_Mobil_description//urdf/V1_Robot_Mobil.trans
[0.717s] -- Installing: /home/alexis/bipp_ws/install/V1_Robot_Mobil_description/share/V1_Robot_Mobil_description//urdf/V1_Robot_Mobil.xacro
[0.717s] -- Installing: /home/alexis/bipp_ws/install/V1_Robot_Mobil_description/share/V1_Robot_Mobil_description//launch
[0.718s] -- Installing: /home/alexis/bipp_ws/install/V1_Robot_Mobil_description/share/V1_Robot_Mobil_description//launch/display.launch.xml
[0.718s] -- Installing: /home/alexis/bipp_ws/install/V1_Robot_Mobil_description/share/V1_Robot_Mobil_description//rviz
[0.718s] -- Installing: /home/alexis/bipp_ws/install/V1_Robot_Mobil_description/share/V1_Robot_Mobil_description//rviz/urdf_config.rviz
[0.719s] -- Installing: /home/alexis/bipp_ws/install/V1_Robot_Mobil_description/share/V1_Robot_Mobil_description/meshes
[0.719s] -- Installing: /home/alexis/bipp_ws/install/V1_Robot_Mobil_description/share/V1_Robot_Mobil_description/meshes/SOCLE_roue_folleV2_v2__2__1.stl
[0.721s] -- Installing: /home/alexis/bipp_ws/install/V1_Robot_Mobil_description/share/V1_Robot_Mobil_description/meshes/SG90_V1_v1__1__1.stl
[0.722s] -- Installing: /home/alexis/bipp_ws/install/V1_Robot_Mobil_description/share/V1_Robot_Mobil_description/meshes/base_camera_niv3_v4_1.stl
[0.723s] -- Installing: /home/alexis/bipp_ws/install/V1_Robot_Mobil_description/share/V1_Robot_Mobil_description/meshes/base_camera_niv1_v1_1.stl
[0.724s] -- Installing: /home/alexis/bipp_ws/install/V1_Robot_Mobil_description/share/V1_Robot_Mobil_description/meshes/illustation_entretoise_70mm_v1__3__1.stl
[0.724s] -- Installing: /home/alexis/bipp_ws/install/V1_Robot_Mobil_description/share/V1_Robot_Mobil_description/meshes/gente_droite_1.stl
[0.726s] -- Installing: /home/alexis/bipp_ws/install/V1_Robot_Mobil_description/share/V1_Robot_Mobil_description/meshes/illustation_entretoise_3_v2__1__1.stl
[0.727s] -- Installing: /home/alexis/bipp_ws/install/V1_Robot_Mobil_description/share/V1_Robot_Mobil_description/meshes/illustation_entretoise_12mm_v2__4__1.stl
[0.728s] -- Installing: /home/alexis/bipp_ws/install/V1_Robot_Mobil_description/share/V1_Robot_Mobil_description/meshes/entretoise_roue_folle_v1__2__1.stl
[0.728s] -- Installing: /home/alexis/bipp_ws/install/V1_Robot_Mobil_description/share/V1_Robot_Mobil_description/meshes/illustation_entretoise_26mm_v4__1__1.stl
[0.729s] -- Installing: /home/alexis/bipp_ws/install/V1_Robot_Mobil_description/share/V1_Robot_Mobil_description/meshes/PCB_CIE_robot_2023-09-11_v1_1.stl
[0.729s] -- Installing: /home/alexis/bipp_ws/install/V1_Robot_Mobil_description/share/V1_Robot_Mobil_description/meshes/illustation_entretoise_12mm_v2__13__1.stl
[0.731s] -- Installing: /home/alexis/bipp_ws/install/V1_Robot_Mobil_description/share/V1_Robot_Mobil_description/meshes/illustation_entretoise_26mm_v4__3__1.stl
[0.731s] -- Installing: /home/alexis/bipp_ws/install/V1_Robot_Mobil_description/share/V1_Robot_Mobil_description/meshes/illustation_entretoise_12mm_v2__3__1.stl
[0.732s] -- Installing: /home/alexis/bipp_ws/install/V1_Robot_Mobil_description/share/V1_Robot_Mobil_description/meshes/entretoise_roue_folle_v1__1__1.stl
[0.732s] -- Installing: /home/alexis/bipp_ws/install/V1_Robot_Mobil_description/share/V1_Robot_Mobil_description/meshes/illustation_entretoise_12mm_v2__11__1.stl
[0.734s] -- Installing: /home/alexis/bipp_ws/install/V1_Robot_Mobil_description/share/V1_Robot_Mobil_description/meshes/slot_type_1_v1_1.stl
[0.734s] -- Installing: /home/alexis/bipp_ws/install/V1_Robot_Mobil_description/share/V1_Robot_Mobil_description/meshes/SG90_V1_v1_1.stl
[0.735s] -- Installing: /home/alexis/bipp_ws/install/V1_Robot_Mobil_description/share/V1_Robot_Mobil_description/meshes/base_link.stl
[0.737s] -- Installing: /home/alexis/bipp_ws/install/V1_Robot_Mobil_description/share/V1_Robot_Mobil_description/meshes/illustation_entretoise_12mm_v2__9__1.stl
[0.738s] -- Installing: /home/alexis/bipp_ws/install/V1_Robot_Mobil_description/share/V1_Robot_Mobil_description/meshes/base_camera_niv3_1_v2_1.stl
[0.738s] -- Installing: /home/alexis/bipp_ws/install/V1_Robot_Mobil_description/share/V1_Robot_Mobil_description/meshes/illustation_entretoise_12mm_v2__12__1.stl
[0.739s] -- Installing: /home/alexis/bipp_ws/install/V1_Robot_Mobil_description/share/V1_Robot_Mobil_description/meshes/illustation_entretoise_26mm_v4__2__1.stl
[0.740s] -- Installing: /home/alexis/bipp_ws/install/V1_Robot_Mobil_description/share/V1_Robot_Mobil_description/meshes/base_camera_niv2_1_v6_1.stl
[0.740s] -- Installing: /home/alexis/bipp_ws/install/V1_Robot_Mobil_description/share/V1_Robot_Mobil_description/meshes/ultrasonic_v2_1.stl
[0.742s] -- Installing: /home/alexis/bipp_ws/install/V1_Robot_Mobil_description/share/V1_Robot_Mobil_description/meshes/lidarPlate_v6_1.stl
[0.744s] -- Installing: /home/alexis/bipp_ws/install/V1_Robot_Mobil_description/share/V1_Robot_Mobil_description/meshes/support_roue_1.stl
[0.744s] -- Installing: /home/alexis/bipp_ws/install/V1_Robot_Mobil_description/share/V1_Robot_Mobil_description/meshes/Bille_v1__1__1.stl
[0.747s] -- Installing: /home/alexis/bipp_ws/install/V1_Robot_Mobil_description/share/V1_Robot_Mobil_description/meshes/illustation_entretoise_12mm_v2__5__1.stl
[0.747s] -- Installing: /home/alexis/bipp_ws/install/V1_Robot_Mobil_description/share/V1_Robot_Mobil_description/meshes/illustation_entretoise_12mm_v2__8__1.stl
[0.747s] -- Installing: /home/alexis/bipp_ws/install/V1_Robot_Mobil_description/share/V1_Robot_Mobil_description/meshes/SOCLE_roue_folleV2_v2_1.stl
[0.747s] -- Installing: /home/alexis/bipp_ws/install/V1_Robot_Mobil_description/share/V1_Robot_Mobil_description/meshes/moteur_jaune_1.stl
[0.749s] -- Installing: /home/alexis/bipp_ws/install/V1_Robot_Mobil_description/share/V1_Robot_Mobil_description/meshes/support_roue_2.stl
[0.749s] -- Installing: /home/alexis/bipp_ws/install/V1_Robot_Mobil_description/share/V1_Robot_Mobil_description/meshes/Socle_Niv1_v6_1.stl
[0.751s] -- Installing: /home/alexis/bipp_ws/install/V1_Robot_Mobil_description/share/V1_Robot_Mobil_description/meshes/roue_gauche_1.stl
[0.752s] -- Installing: /home/alexis/bipp_ws/install/V1_Robot_Mobil_description/share/V1_Robot_Mobil_description/meshes/illustation_entretoise_26mm_v4_1.stl
[0.753s] -- Installing: /home/alexis/bipp_ws/install/V1_Robot_Mobil_description/share/V1_Robot_Mobil_description/meshes/Batterie_v3_1.stl
[0.753s] -- Installing: /home/alexis/bipp_ws/install/V1_Robot_Mobil_description/share/V1_Robot_Mobil_description/meshes/moteur_jaune2_1.stl
[0.753s] -- Installing: /home/alexis/bipp_ws/install/V1_Robot_Mobil_description/share/V1_Robot_Mobil_description/meshes/Camera_stereo_v3_1.stl
[0.755s] -- Installing: /home/alexis/bipp_ws/install/V1_Robot_Mobil_description/share/V1_Robot_Mobil_description/meshes/illustation_entretoise_70mm_v1_1.stl
[0.755s] -- Installing: /home/alexis/bipp_ws/install/V1_Robot_Mobil_description/share/V1_Robot_Mobil_description/meshes/illustation_entretoise_12mm_v2__6__1.stl
[0.756s] -- Installing: /home/alexis/bipp_ws/install/V1_Robot_Mobil_description/share/V1_Robot_Mobil_description/meshes/illustation_entretoise_12mm_v2_1.stl
[0.758s] -- Installing: /home/alexis/bipp_ws/install/V1_Robot_Mobil_description/share/V1_Robot_Mobil_description/meshes/Bille_v1__2__1.stl
[0.758s] -- Installing: /home/alexis/bipp_ws/install/V1_Robot_Mobil_description/share/V1_Robot_Mobil_description/meshes/gente_gauche_1.stl
[0.759s] -- Installing: /home/alexis/bipp_ws/install/V1_Robot_Mobil_description/share/V1_Robot_Mobil_description/meshes/Roue_droite_1.stl
[0.761s] -- Installing: /home/alexis/bipp_ws/install/V1_Robot_Mobil_description/share/V1_Robot_Mobil_description/meshes/illustation_entretoise_70mm_v1__1__1.stl
[0.762s] -- Installing: /home/alexis/bipp_ws/install/V1_Robot_Mobil_description/share/V1_Robot_Mobil_description/meshes/illustation_entretoise_12mm_v2__14__1.stl
[0.762s] -- Installing: /home/alexis/bipp_ws/install/V1_Robot_Mobil_description/share/V1_Robot_Mobil_description/meshes/entretoise_roue_folle_v1_1.stl
[0.763s] -- Installing: /home/alexis/bipp_ws/install/V1_Robot_Mobil_description/share/V1_Robot_Mobil_description/meshes/slot_type_2_v4_1.stl
[0.764s] -- Installing: /home/alexis/bipp_ws/install/V1_Robot_Mobil_description/share/V1_Robot_Mobil_description/meshes/support_camera2.stl
[0.766s] -- Installing: /home/alexis/bipp_ws/install/V1_Robot_Mobil_description/share/V1_Robot_Mobil_description/meshes/illustation_entretoise_12mm_v2__7__1.stl
[0.766s] -- Installing: /home/alexis/bipp_ws/install/V1_Robot_Mobil_description/share/V1_Robot_Mobil_description/meshes/SOCLE_roue_folleV2_v2__1__1.stl
[0.768s] -- Installing: /home/alexis/bipp_ws/install/V1_Robot_Mobil_description/share/V1_Robot_Mobil_description/meshes/Bille_v1_1.stl
[0.769s] -- Installing: /home/alexis/bipp_ws/install/V1_Robot_Mobil_description/share/V1_Robot_Mobil_description/meshes/illustation_entretoise_12mm_v2__2__1.stl
[0.769s] -- Installing: /home/alexis/bipp_ws/install/V1_Robot_Mobil_description/share/V1_Robot_Mobil_description/meshes/base_camera_niv3_1_v2__1__1.stl
[0.770s] -- Installing: /home/alexis/bipp_ws/install/V1_Robot_Mobil_description/share/V1_Robot_Mobil_description/meshes/volume_jeston_v2_1.stl
[0.770s] -- Installing: /home/alexis/bipp_ws/install/V1_Robot_Mobil_description/share/V1_Robot_Mobil_description/meshes/illustation_entretoise_3_v2_1.stl
[0.771s] -- Installing: /home/alexis/bipp_ws/install/V1_Robot_Mobil_description/share/V1_Robot_Mobil_description/meshes/illustation_entretoise_12mm_v2__15__1.stl
[0.772s] -- Installing: /home/alexis/bipp_ws/install/V1_Robot_Mobil_description/share/V1_Robot_Mobil_description/meshes/DFR0205_v6_1.stl
[0.773s] -- Installing: /home/alexis/bipp_ws/install/V1_Robot_Mobil_description/share/V1_Robot_Mobil_description/meshes/illustation_entretoise_12mm_v2__10__1.stl
[0.774s] -- Installing: /home/alexis/bipp_ws/install/V1_Robot_Mobil_description/share/V1_Robot_Mobil_description/meshes/SG90_V1_v1__2__1.stl
[0.774s] -- Installing: /home/alexis/bipp_ws/install/V1_Robot_Mobil_description/share/V1_Robot_Mobil_description/meshes/illustation_entretoise_70mm_v1__2__1.stl
[0.775s] -- Installing: /home/alexis/bipp_ws/install/V1_Robot_Mobil_description/share/V1_Robot_Mobil_description/meshes/SG90_slot_1_1.stl
[0.775s] -- Installing: /home/alexis/bipp_ws/install/V1_Robot_Mobil_description/share/V1_Robot_Mobil_description/meshes/illustation_entretoise_12mm_v2__1__1.stl
[0.776s] -- Installing: /home/alexis/bipp_ws/install/V1_Robot_Mobil_description/share/V1_Robot_Mobil_description/meshes/base_camera_niv2_2_v5_1.stl
[0.777s] -- Installing: /home/alexis/bipp_ws/install/V1_Robot_Mobil_description/share/V1_Robot_Mobil_description/meshes/LIDAR_part2_v2_1.stl
[0.777s] -- Installing: /home/alexis/bipp_ws/install/V1_Robot_Mobil_description/share/V1_Robot_Mobil_description/meshes/LIDAR_part1_v4_1.stl
[0.779s] -- Installing: /home/alexis/bipp_ws/install/V1_Robot_Mobil_description/share/ament_index/resource_index/package_run_dependencies/V1_Robot_Mobil_description
[0.779s] -- Installing: /home/alexis/bipp_ws/install/V1_Robot_Mobil_description/share/ament_index/resource_index/parent_prefix_path/V1_Robot_Mobil_description
[0.779s] -- Installing: /home/alexis/bipp_ws/install/V1_Robot_Mobil_description/share/V1_Robot_Mobil_description/environment/ament_prefix_path.sh
[0.779s] -- Installing: /home/alexis/bipp_ws/install/V1_Robot_Mobil_description/share/V1_Robot_Mobil_description/environment/ament_prefix_path.dsv
[0.780s] -- Installing: /home/alexis/bipp_ws/install/V1_Robot_Mobil_description/share/V1_Robot_Mobil_description/environment/path.sh
[0.780s] -- Installing: /home/alexis/bipp_ws/install/V1_Robot_Mobil_description/share/V1_Robot_Mobil_description/environment/path.dsv
[0.780s] -- Installing: /home/alexis/bipp_ws/install/V1_Robot_Mobil_description/share/V1_Robot_Mobil_description/local_setup.bash
[0.780s] -- Installing: /home/alexis/bipp_ws/install/V1_Robot_Mobil_description/share/V1_Robot_Mobil_description/local_setup.sh
[0.780s] -- Installing: /home/alexis/bipp_ws/install/V1_Robot_Mobil_description/share/V1_Robot_Mobil_description/local_setup.zsh
[0.780s] -- Installing: /home/alexis/bipp_ws/install/V1_Robot_Mobil_description/share/V1_Robot_Mobil_description/local_setup.dsv
[0.780s] -- Installing: /home/alexis/bipp_ws/install/V1_Robot_Mobil_description/share/V1_Robot_Mobil_description/package.dsv
[0.780s] -- Installing: /home/alexis/bipp_ws/install/V1_Robot_Mobil_description/share/ament_index/resource_index/packages/V1_Robot_Mobil_description
[0.780s] -- Installing: /home/alexis/bipp_ws/install/V1_Robot_Mobil_description/share/V1_Robot_Mobil_description/cmake/V1_Robot_Mobil_descriptionConfig.cmake
[0.780s] -- Installing: /home/alexis/bipp_ws/install/V1_Robot_Mobil_description/share/V1_Robot_Mobil_description/cmake/V1_Robot_Mobil_descriptionConfig-version.cmake
[0.780s] -- Installing: /home/alexis/bipp_ws/install/V1_Robot_Mobil_description/share/V1_Robot_Mobil_description/package.xml
[0.782s] Invoked command in '/home/alexis/bipp_ws/build/V1_Robot_Mobil_description' returned '0': CMAKE_PREFIX_PATH=${CMAKE_PREFIX_PATH}:/home/alexis/ros2_ws/install/my_py_pkg:/opt/ros/jazzy DEBUGINFOD_URLS=https://debuginfod.ubuntu.com /usr/bin/cmake --install /home/alexis/bipp_ws/build/V1_Robot_Mobil_description
