[0.050s] Invoking command in '/home/alexis/bipp_urdf/build/V1_Robot_Mobil_description': CMAKE_PREFIX_PATH=${CMAKE_PREFIX_PATH}:/opt/ros/jazzy DEBUGINFOD_URLS=https://debuginfod.ubuntu.com /usr/bin/cmake /home/alexis/bipp_urdf/src/V1_Robot_Mobil_description -DCMAKE_INSTALL_PREFIX=/home/alexis/bipp_urdf/install/V1_Robot_Mobil_description
[1.680s] -- The C compiler identification is GNU 13.3.0
[2.611s] -- The CXX compiler identification is GNU 13.3.0
[2.817s] -- Detecting C compiler ABI info
[3.432s] -- Detecting C compiler ABI info - done
[3.516s] -- Check for working C compiler: /usr/bin/cc - skipped
[3.516s] -- Detecting C compile features
[3.517s] -- Detecting C compile features - done
[3.573s] -- Detecting CXX compiler ABI info
[4.116s] -- Detecting CXX compiler ABI info - done
[4.152s] -- Check for working CXX compiler: /usr/bin/c++ - skipped
[4.158s] -- Detecting CXX compile features
[4.158s] -- Detecting CXX compile features - done
[4.284s] -- Found ament_cmake: 2.5.4 (/opt/ros/jazzy/share/ament_cmake/cmake)
[4.927s] -- Found Python3: /usr/bin/python3 (found version "3.12.3") found components: Interpreter 
[6.262s] WARNING: Package name "V1_Robot_Mobil_description" does not follow the naming conventions. It should start with a lower case letter and only contain lower case letters, digits, underscores, and dashes.
[6.318s] -- Configuring done (6.2s)
[6.335s] -- Generating done (0.0s)
[6.347s] -- Build files have been written to: /home/alexis/bipp_urdf/build/V1_Robot_Mobil_description
[6.361s] Invoked command in '/home/alexis/bipp_urdf/build/V1_Robot_Mobil_description' returned '0': CMAKE_PREFIX_PATH=${CMAKE_PREFIX_PATH}:/opt/ros/jazzy DEBUGINFOD_URLS=https://debuginfod.ubuntu.com /usr/bin/cmake /home/alexis/bipp_urdf/src/V1_Robot_Mobil_description -DCMAKE_INSTALL_PREFIX=/home/alexis/bipp_urdf/install/V1_Robot_Mobil_description
[6.364s] Invoking command in '/home/alexis/bipp_urdf/build/V1_Robot_Mobil_description': CMAKE_PREFIX_PATH=${CMAKE_PREFIX_PATH}:/opt/ros/jazzy DEBUGINFOD_URLS=https://debuginfod.ubuntu.com /usr/bin/cmake --build /home/alexis/bipp_urdf/build/V1_Robot_Mobil_description -- -j4 -l4
[6.572s] Invoked command in '/home/alexis/bipp_urdf/build/V1_Robot_Mobil_description' returned '0': CMAKE_PREFIX_PATH=${CMAKE_PREFIX_PATH}:/opt/ros/jazzy DEBUGINFOD_URLS=https://debuginfod.ubuntu.com /usr/bin/cmake --build /home/alexis/bipp_urdf/build/V1_Robot_Mobil_description -- -j4 -l4
[6.573s] Invoking command in '/home/alexis/bipp_urdf/build/V1_Robot_Mobil_description': CMAKE_PREFIX_PATH=${CMAKE_PREFIX_PATH}:/opt/ros/jazzy DEBUGINFOD_URLS=https://debuginfod.ubuntu.com /usr/bin/cmake --install /home/alexis/bipp_urdf/build/V1_Robot_Mobil_description
[6.628s] -- Install configuration: ""
[6.631s] -- Installing: /home/alexis/bipp_urdf/install/V1_Robot_Mobil_description/share/V1_Robot_Mobil_description//urdf
[6.631s] -- Installing: /home/alexis/bipp_urdf/install/V1_Robot_Mobil_description/share/V1_Robot_Mobil_description//urdf/V1_Robot_Mobil_gazebo.xacro
[6.632s] -- Installing: /home/alexis/bipp_urdf/install/V1_Robot_Mobil_description/share/V1_Robot_Mobil_description//urdf/V1_Robot_Mobil.xacro
[6.632s] -- Installing: /home/alexis/bipp_urdf/install/V1_Robot_Mobil_description/share/V1_Robot_Mobil_description//urdf/materials.xacro
[6.632s] -- Installing: /home/alexis/bipp_urdf/install/V1_Robot_Mobil_description/share/V1_Robot_Mobil_description//urdf/V1_Robot_Mobil.trans
[6.632s] -- Installing: /home/alexis/bipp_urdf/install/V1_Robot_Mobil_description/share/V1_Robot_Mobil_description//launch
[6.633s] -- Installing: /home/alexis/bipp_urdf/install/V1_Robot_Mobil_description/share/V1_Robot_Mobil_description//launch/display.launch.xml
[6.633s] -- Installing: /home/alexis/bipp_urdf/install/V1_Robot_Mobil_description/share/V1_Robot_Mobil_description//rviz
[6.633s] -- Installing: /home/alexis/bipp_urdf/install/V1_Robot_Mobil_description/share/V1_Robot_Mobil_description//rviz/urdf_config.rviz
[6.633s] -- Installing: /home/alexis/bipp_urdf/install/V1_Robot_Mobil_description/share/V1_Robot_Mobil_description/meshes
[6.636s] -- Installing: /home/alexis/bipp_urdf/install/V1_Robot_Mobil_description/share/V1_Robot_Mobil_description/meshes/base_camera_niv3_v4_1.stl
[6.636s] -- Installing: /home/alexis/bipp_urdf/install/V1_Robot_Mobil_description/share/V1_Robot_Mobil_description/meshes/illustation_entretoise_26mm_v4__2__1.stl
[6.636s] -- Installing: /home/alexis/bipp_urdf/install/V1_Robot_Mobil_description/share/V1_Robot_Mobil_description/meshes/gente_droite_1.stl
[6.636s] -- Installing: /home/alexis/bipp_urdf/install/V1_Robot_Mobil_description/share/V1_Robot_Mobil_description/meshes/illustation_entretoise_12mm_v2__4__1.stl
[6.641s] -- Installing: /home/alexis/bipp_urdf/install/V1_Robot_Mobil_description/share/V1_Robot_Mobil_description/meshes/illustation_entretoise_12mm_v2__15__1.stl
[6.641s] -- Installing: /home/alexis/bipp_urdf/install/V1_Robot_Mobil_description/share/V1_Robot_Mobil_description/meshes/DFR0205_v6_1.stl
[6.641s] -- Installing: /home/alexis/bipp_urdf/install/V1_Robot_Mobil_description/share/V1_Robot_Mobil_description/meshes/illustation_entretoise_26mm_v4__1__1.stl
[6.642s] -- Installing: /home/alexis/bipp_urdf/install/V1_Robot_Mobil_description/share/V1_Robot_Mobil_description/meshes/SOCLE_roue_folleV2_v2_1.stl
[6.644s] -- Installing: /home/alexis/bipp_urdf/install/V1_Robot_Mobil_description/share/V1_Robot_Mobil_description/meshes/moteur_jaune_1.stl
[6.645s] -- Installing: /home/alexis/bipp_urdf/install/V1_Robot_Mobil_description/share/V1_Robot_Mobil_description/meshes/illustation_entretoise_26mm_v4_1.stl
[6.645s] -- Installing: /home/alexis/bipp_urdf/install/V1_Robot_Mobil_description/share/V1_Robot_Mobil_description/meshes/volume_jeston_v2_1.stl
[6.645s] -- Installing: /home/alexis/bipp_urdf/install/V1_Robot_Mobil_description/share/V1_Robot_Mobil_description/meshes/entretoise_roue_folle_v1__2__1.stl
[6.645s] -- Installing: /home/alexis/bipp_urdf/install/V1_Robot_Mobil_description/share/V1_Robot_Mobil_description/meshes/illustation_entretoise_12mm_v2__6__1.stl
[6.645s] -- Installing: /home/alexis/bipp_urdf/install/V1_Robot_Mobil_description/share/V1_Robot_Mobil_description/meshes/entretoise_roue_folle_v1_1.stl
[6.646s] -- Installing: /home/alexis/bipp_urdf/install/V1_Robot_Mobil_description/share/V1_Robot_Mobil_description/meshes/ultrasonic_v2_1.stl
[6.646s] -- Installing: /home/alexis/bipp_urdf/install/V1_Robot_Mobil_description/share/V1_Robot_Mobil_description/meshes/Bille_v1_1.stl
[6.646s] -- Installing: /home/alexis/bipp_urdf/install/V1_Robot_Mobil_description/share/V1_Robot_Mobil_description/meshes/illustation_entretoise_12mm_v2__10__1.stl
[6.650s] -- Installing: /home/alexis/bipp_urdf/install/V1_Robot_Mobil_description/share/V1_Robot_Mobil_description/meshes/moteur_jaune2_1.stl
[6.650s] -- Installing: /home/alexis/bipp_urdf/install/V1_Robot_Mobil_description/share/V1_Robot_Mobil_description/meshes/roue_gauche_1.stl
[6.650s] -- Installing: /home/alexis/bipp_urdf/install/V1_Robot_Mobil_description/share/V1_Robot_Mobil_description/meshes/SG90_V1_v1__2__1.stl
[6.651s] -- Installing: /home/alexis/bipp_urdf/install/V1_Robot_Mobil_description/share/V1_Robot_Mobil_description/meshes/illustation_entretoise_12mm_v2__13__1.stl
[6.651s] -- Installing: /home/alexis/bipp_urdf/install/V1_Robot_Mobil_description/share/V1_Robot_Mobil_description/meshes/SG90_V1_v1_1.stl
[6.651s] -- Installing: /home/alexis/bipp_urdf/install/V1_Robot_Mobil_description/share/V1_Robot_Mobil_description/meshes/SOCLE_roue_folleV2_v2__1__1.stl
[6.651s] -- Installing: /home/alexis/bipp_urdf/install/V1_Robot_Mobil_description/share/V1_Robot_Mobil_description/meshes/Roue_droite_1.stl
[6.651s] -- Installing: /home/alexis/bipp_urdf/install/V1_Robot_Mobil_description/share/V1_Robot_Mobil_description/meshes/illustation_entretoise_12mm_v2_1.stl
[6.651s] -- Installing: /home/alexis/bipp_urdf/install/V1_Robot_Mobil_description/share/V1_Robot_Mobil_description/meshes/lidarPlate_v6_1.stl
[6.651s] -- Installing: /home/alexis/bipp_urdf/install/V1_Robot_Mobil_description/share/V1_Robot_Mobil_description/meshes/illustation_entretoise_3_v2_1.stl
[6.651s] -- Installing: /home/alexis/bipp_urdf/install/V1_Robot_Mobil_description/share/V1_Robot_Mobil_description/meshes/illustation_entretoise_12mm_v2__3__1.stl
[6.661s] -- Installing: /home/alexis/bipp_urdf/install/V1_Robot_Mobil_description/share/V1_Robot_Mobil_description/meshes/illustation_entretoise_3_v2__1__1.stl
[6.667s] -- Installing: /home/alexis/bipp_urdf/install/V1_Robot_Mobil_description/share/V1_Robot_Mobil_description/meshes/illustation_entretoise_12mm_v2__14__1.stl
[6.668s] -- Installing: /home/alexis/bipp_urdf/install/V1_Robot_Mobil_description/share/V1_Robot_Mobil_description/meshes/illustation_entretoise_70mm_v1__2__1.stl
[6.668s] -- Installing: /home/alexis/bipp_urdf/install/V1_Robot_Mobil_description/share/V1_Robot_Mobil_description/meshes/illustation_entretoise_70mm_v1__3__1.stl
[6.668s] -- Installing: /home/alexis/bipp_urdf/install/V1_Robot_Mobil_description/share/V1_Robot_Mobil_description/meshes/base_link.stl
[6.671s] -- Installing: /home/alexis/bipp_urdf/install/V1_Robot_Mobil_description/share/V1_Robot_Mobil_description/meshes/slot_type_2_v4_1.stl
[6.671s] -- Installing: /home/alexis/bipp_urdf/install/V1_Robot_Mobil_description/share/V1_Robot_Mobil_description/meshes/base_camera_niv2_2_v5_1.stl
[6.671s] -- Installing: /home/alexis/bipp_urdf/install/V1_Robot_Mobil_description/share/V1_Robot_Mobil_description/meshes/illustation_entretoise_12mm_v2__2__1.stl
[6.671s] -- Installing: /home/alexis/bipp_urdf/install/V1_Robot_Mobil_description/share/V1_Robot_Mobil_description/meshes/SG90_slot_1_1.stl
[6.671s] -- Installing: /home/alexis/bipp_urdf/install/V1_Robot_Mobil_description/share/V1_Robot_Mobil_description/meshes/SOCLE_roue_folleV2_v2__2__1.stl
[6.671s] -- Installing: /home/alexis/bipp_urdf/install/V1_Robot_Mobil_description/share/V1_Robot_Mobil_description/meshes/illustation_entretoise_12mm_v2__7__1.stl
[6.676s] -- Installing: /home/alexis/bipp_urdf/install/V1_Robot_Mobil_description/share/V1_Robot_Mobil_description/meshes/illustation_entretoise_12mm_v2__12__1.stl
[6.678s] -- Installing: /home/alexis/bipp_urdf/install/V1_Robot_Mobil_description/share/V1_Robot_Mobil_description/meshes/Socle_Niv1_v6_1.stl
[6.681s] -- Installing: /home/alexis/bipp_urdf/install/V1_Robot_Mobil_description/share/V1_Robot_Mobil_description/meshes/Bille_v1__2__1.stl
[6.681s] -- Installing: /home/alexis/bipp_urdf/install/V1_Robot_Mobil_description/share/V1_Robot_Mobil_description/meshes/illustation_entretoise_12mm_v2__5__1.stl
[6.682s] -- Installing: /home/alexis/bipp_urdf/install/V1_Robot_Mobil_description/share/V1_Robot_Mobil_description/meshes/entretoise_roue_folle_v1__1__1.stl
[6.682s] -- Installing: /home/alexis/bipp_urdf/install/V1_Robot_Mobil_description/share/V1_Robot_Mobil_description/meshes/slot_type_1_v1_1.stl
[6.682s] -- Installing: /home/alexis/bipp_urdf/install/V1_Robot_Mobil_description/share/V1_Robot_Mobil_description/meshes/Batterie_v3_1.stl
[6.682s] -- Installing: /home/alexis/bipp_urdf/install/V1_Robot_Mobil_description/share/V1_Robot_Mobil_description/meshes/SG90_V1_v1__1__1.stl
[6.682s] -- Installing: /home/alexis/bipp_urdf/install/V1_Robot_Mobil_description/share/V1_Robot_Mobil_description/meshes/illustation_entretoise_70mm_v1_1.stl
[6.682s] -- Installing: /home/alexis/bipp_urdf/install/V1_Robot_Mobil_description/share/V1_Robot_Mobil_description/meshes/gente_gauche_1.stl
[6.682s] -- Installing: /home/alexis/bipp_urdf/install/V1_Robot_Mobil_description/share/V1_Robot_Mobil_description/meshes/Camera_stereo_v3_1.stl
[6.682s] -- Installing: /home/alexis/bipp_urdf/install/V1_Robot_Mobil_description/share/V1_Robot_Mobil_description/meshes/base_camera_niv2_1_v6_1.stl
[6.686s] -- Installing: /home/alexis/bipp_urdf/install/V1_Robot_Mobil_description/share/V1_Robot_Mobil_description/meshes/base_camera_niv3_1_v2__1__1.stl
[6.686s] -- Installing: /home/alexis/bipp_urdf/install/V1_Robot_Mobil_description/share/V1_Robot_Mobil_description/meshes/base_camera_niv1_v1_1.stl
[6.686s] -- Installing: /home/alexis/bipp_urdf/install/V1_Robot_Mobil_description/share/V1_Robot_Mobil_description/meshes/illustation_entretoise_26mm_v4__3__1.stl
[6.688s] -- Installing: /home/alexis/bipp_urdf/install/V1_Robot_Mobil_description/share/V1_Robot_Mobil_description/meshes/illustation_entretoise_70mm_v1__1__1.stl
[6.688s] -- Installing: /home/alexis/bipp_urdf/install/V1_Robot_Mobil_description/share/V1_Robot_Mobil_description/meshes/base_camera_niv3_1_v2_1.stl
[6.688s] -- Installing: /home/alexis/bipp_urdf/install/V1_Robot_Mobil_description/share/V1_Robot_Mobil_description/meshes/PCB_CIE_robot_2023-09-11_v1_1.stl
[6.688s] -- Installing: /home/alexis/bipp_urdf/install/V1_Robot_Mobil_description/share/V1_Robot_Mobil_description/meshes/illustation_entretoise_12mm_v2__1__1.stl
[6.689s] -- Installing: /home/alexis/bipp_urdf/install/V1_Robot_Mobil_description/share/V1_Robot_Mobil_description/meshes/illustation_entretoise_12mm_v2__11__1.stl
[6.695s] -- Installing: /home/alexis/bipp_urdf/install/V1_Robot_Mobil_description/share/V1_Robot_Mobil_description/meshes/support_camera2.stl
[6.696s] -- Installing: /home/alexis/bipp_urdf/install/V1_Robot_Mobil_description/share/V1_Robot_Mobil_description/meshes/LIDAR_part1_v4_1.stl
[6.696s] -- Installing: /home/alexis/bipp_urdf/install/V1_Robot_Mobil_description/share/V1_Robot_Mobil_description/meshes/support_roue_2.stl
[6.696s] -- Installing: /home/alexis/bipp_urdf/install/V1_Robot_Mobil_description/share/V1_Robot_Mobil_description/meshes/Bille_v1__1__1.stl
[6.696s] -- Installing: /home/alexis/bipp_urdf/install/V1_Robot_Mobil_description/share/V1_Robot_Mobil_description/meshes/illustation_entretoise_12mm_v2__8__1.stl
[6.696s] -- Installing: /home/alexis/bipp_urdf/install/V1_Robot_Mobil_description/share/V1_Robot_Mobil_description/meshes/support_roue_1.stl
[6.696s] -- Installing: /home/alexis/bipp_urdf/install/V1_Robot_Mobil_description/share/V1_Robot_Mobil_description/meshes/illustation_entretoise_12mm_v2__9__1.stl
[6.696s] -- Installing: /home/alexis/bipp_urdf/install/V1_Robot_Mobil_description/share/V1_Robot_Mobil_description/meshes/LIDAR_part2_v2_1.stl
[6.696s] -- Installing: /home/alexis/bipp_urdf/install/V1_Robot_Mobil_description/share/ament_index/resource_index/package_run_dependencies/V1_Robot_Mobil_description
[6.696s] -- Installing: /home/alexis/bipp_urdf/install/V1_Robot_Mobil_description/share/ament_index/resource_index/parent_prefix_path/V1_Robot_Mobil_description
[6.698s] -- Installing: /home/alexis/bipp_urdf/install/V1_Robot_Mobil_description/share/V1_Robot_Mobil_description/environment/ament_prefix_path.sh
[6.701s] -- Installing: /home/alexis/bipp_urdf/install/V1_Robot_Mobil_description/share/V1_Robot_Mobil_description/environment/ament_prefix_path.dsv
[6.704s] -- Installing: /home/alexis/bipp_urdf/install/V1_Robot_Mobil_description/share/V1_Robot_Mobil_description/environment/path.sh
[6.704s] -- Installing: /home/alexis/bipp_urdf/install/V1_Robot_Mobil_description/share/V1_Robot_Mobil_description/environment/path.dsv
[6.710s] -- Installing: /home/alexis/bipp_urdf/install/V1_Robot_Mobil_description/share/V1_Robot_Mobil_description/local_setup.bash
[6.715s] -- Installing: /home/alexis/bipp_urdf/install/V1_Robot_Mobil_description/share/V1_Robot_Mobil_description/local_setup.sh
[6.715s] -- Installing: /home/alexis/bipp_urdf/install/V1_Robot_Mobil_description/share/V1_Robot_Mobil_description/local_setup.zsh
[6.719s] -- Installing: /home/alexis/bipp_urdf/install/V1_Robot_Mobil_description/share/V1_Robot_Mobil_description/local_setup.dsv
[6.721s] -- Installing: /home/alexis/bipp_urdf/install/V1_Robot_Mobil_description/share/V1_Robot_Mobil_description/package.dsv
[6.721s] -- Installing: /home/alexis/bipp_urdf/install/V1_Robot_Mobil_description/share/ament_index/resource_index/packages/V1_Robot_Mobil_description
[6.722s] -- Installing: /home/alexis/bipp_urdf/install/V1_Robot_Mobil_description/share/V1_Robot_Mobil_description/cmake/V1_Robot_Mobil_descriptionConfig.cmake
[6.722s] -- Installing: /home/alexis/bipp_urdf/install/V1_Robot_Mobil_description/share/V1_Robot_Mobil_description/cmake/V1_Robot_Mobil_descriptionConfig-version.cmake
[6.722s] -- Installing: /home/alexis/bipp_urdf/install/V1_Robot_Mobil_description/share/V1_Robot_Mobil_description/package.xml
[6.756s] Invoked command in '/home/alexis/bipp_urdf/build/V1_Robot_Mobil_description' returned '0': CMAKE_PREFIX_PATH=${CMAKE_PREFIX_PATH}:/opt/ros/jazzy DEBUGINFOD_URLS=https://debuginfod.ubuntu.com /usr/bin/cmake --install /home/alexis/bipp_urdf/build/V1_Robot_Mobil_description
