[0.008s] Invoking command in '/home/alexis/bipp_ws/build/my_robot_bringup': CMAKE_PREFIX_PATH=${CMAKE_PREFIX_PATH}:/home/alexis/ros2_ws/install/my_py_pkg:/opt/ros/jazzy DEBUGINFOD_URLS=https://debuginfod.ubuntu.com /usr/bin/cmake /home/alexis/bipp_ws/src/my_robot_bringup -DCMAKE_INSTALL_PREFIX=/home/alexis/bipp_ws/install/my_robot_bringup
[0.119s] -- The C compiler identification is GNU 13.3.0
[0.209s] -- The CXX compiler identification is GNU 13.3.0
[0.221s] -- Detecting C compiler ABI info
[0.272s] -- Detecting C compiler ABI info - done
[0.277s] -- Check for working C compiler: /usr/bin/cc - skipped
[0.278s] -- Detecting C compile features
[0.278s] -- Detecting C compile features - done
[0.284s] -- Detecting CXX compiler ABI info
[0.340s] -- Detecting CXX compiler ABI info - done
[0.345s] -- Check for working CXX compiler: /usr/bin/c++ - skipped
[0.345s] -- Detecting CXX compile features
[0.345s] -- Detecting CXX compile features - done
[0.357s] -- Found ament_cmake: 2.5.4 (/opt/ros/jazzy/share/ament_cmake/cmake)
[0.436s] -- Found Python3: /usr/bin/python3 (found version "3.12.3") found components: Interpreter 
[0.539s] -- Configuring done (0.5s)
[0.540s] -- Generating done (0.0s)
[0.541s] -- Build files have been written to: /home/alexis/bipp_ws/build/my_robot_bringup
[0.544s] Invoked command in '/home/alexis/bipp_ws/build/my_robot_bringup' returned '0': CMAKE_PREFIX_PATH=${CMAKE_PREFIX_PATH}:/home/alexis/ros2_ws/install/my_py_pkg:/opt/ros/jazzy DEBUGINFOD_URLS=https://debuginfod.ubuntu.com /usr/bin/cmake /home/alexis/bipp_ws/src/my_robot_bringup -DCMAKE_INSTALL_PREFIX=/home/alexis/bipp_ws/install/my_robot_bringup
[0.544s] Invoking command in '/home/alexis/bipp_ws/build/my_robot_bringup': CMAKE_PREFIX_PATH=${CMAKE_PREFIX_PATH}:/home/alexis/ros2_ws/install/my_py_pkg:/opt/ros/jazzy DEBUGINFOD_URLS=https://debuginfod.ubuntu.com /usr/bin/cmake --build /home/alexis/bipp_ws/build/my_robot_bringup -- -j4 -l4
[0.564s] Invoked command in '/home/alexis/bipp_ws/build/my_robot_bringup' returned '0': CMAKE_PREFIX_PATH=${CMAKE_PREFIX_PATH}:/home/alexis/ros2_ws/install/my_py_pkg:/opt/ros/jazzy DEBUGINFOD_URLS=https://debuginfod.ubuntu.com /usr/bin/cmake --build /home/alexis/bipp_ws/build/my_robot_bringup -- -j4 -l4
[0.565s] Invoking command in '/home/alexis/bipp_ws/build/my_robot_bringup': CMAKE_PREFIX_PATH=${CMAKE_PREFIX_PATH}:/home/alexis/ros2_ws/install/my_py_pkg:/opt/ros/jazzy DEBUGINFOD_URLS=https://debuginfod.ubuntu.com /usr/bin/cmake --install /home/alexis/bipp_ws/build/my_robot_bringup
[0.569s] -- Install configuration: ""
[0.569s] -- Installing: /home/alexis/bipp_ws/install/my_robot_bringup/share/my_robot_bringup//launch
[0.569s] -- Installing: /home/alexis/bipp_ws/install/my_robot_bringup/share/my_robot_bringup//launch/my_robot_gazebo.launch
[0.569s] -- Installing: /home/alexis/bipp_ws/install/my_robot_bringup/share/ament_index/resource_index/package_run_dependencies/my_robot_bringup
[0.569s] -- Installing: /home/alexis/bipp_ws/install/my_robot_bringup/share/ament_index/resource_index/parent_prefix_path/my_robot_bringup
[0.569s] -- Installing: /home/alexis/bipp_ws/install/my_robot_bringup/share/my_robot_bringup/environment/ament_prefix_path.sh
[0.569s] -- Installing: /home/alexis/bipp_ws/install/my_robot_bringup/share/my_robot_bringup/environment/ament_prefix_path.dsv
[0.569s] -- Installing: /home/alexis/bipp_ws/install/my_robot_bringup/share/my_robot_bringup/environment/path.sh
[0.569s] -- Installing: /home/alexis/bipp_ws/install/my_robot_bringup/share/my_robot_bringup/environment/path.dsv
[0.569s] -- Installing: /home/alexis/bipp_ws/install/my_robot_bringup/share/my_robot_bringup/local_setup.bash
[0.569s] -- Installing: /home/alexis/bipp_ws/install/my_robot_bringup/share/my_robot_bringup/local_setup.sh
[0.569s] -- Installing: /home/alexis/bipp_ws/install/my_robot_bringup/share/my_robot_bringup/local_setup.zsh
[0.570s] -- Installing: /home/alexis/bipp_ws/install/my_robot_bringup/share/my_robot_bringup/local_setup.dsv
[0.570s] -- Installing: /home/alexis/bipp_ws/install/my_robot_bringup/share/my_robot_bringup/package.dsv
[0.570s] -- Installing: /home/alexis/bipp_ws/install/my_robot_bringup/share/ament_index/resource_index/packages/my_robot_bringup
[0.570s] -- Installing: /home/alexis/bipp_ws/install/my_robot_bringup/share/my_robot_bringup/cmake/my_robot_bringupConfig.cmake
[0.570s] -- Installing: /home/alexis/bipp_ws/install/my_robot_bringup/share/my_robot_bringup/cmake/my_robot_bringupConfig-version.cmake
[0.570s] -- Installing: /home/alexis/bipp_ws/install/my_robot_bringup/share/my_robot_bringup/package.xml
[0.572s] Invoked command in '/home/alexis/bipp_ws/build/my_robot_bringup' returned '0': CMAKE_PREFIX_PATH=${CMAKE_PREFIX_PATH}:/home/alexis/ros2_ws/install/my_py_pkg:/opt/ros/jazzy DEBUGINFOD_URLS=https://debuginfod.ubuntu.com /usr/bin/cmake --install /home/alexis/bipp_ws/build/my_robot_bringup
