-- Found ament_cmake: 2.5.4 (/opt/ros/jazzy/share/ament_cmake/cmake)
WARNING: Package name "V1_Robot_Mobil_description" does not follow the naming conventions. It should start with a lower case letter and only contain lower case letters, digits, underscores, and dashes.
-- Configuring done (0.1s)
-- Generating done (0.0s)
-- Build files have been written to: /home/alexis/bipp_ws/build/V1_Robot_Mobil_description
-- Install configuration: ""
-- Up-to-date: /home/alexis/bipp_ws/install/V1_Robot_Mobil_description/share/V1_Robot_Mobil_description//urdf
-- Up-to-date: /home/alexis/bipp_ws/install/V1_Robot_Mobil_description/share/V1_Robot_Mobil_description//urdf/materials.xacro
-- Up-to-date: /home/alexis/bipp_ws/install/V1_Robot_Mobil_description/share/V1_Robot_Mobil_description//urdf/V1_Robot_Mobil.trans
-- Up-to-date: /home/alexis/bipp_ws/install/V1_Robot_Mobil_description/share/V1_Robot_Mobil_description//urdf/V1_Robot_Mobil.xacro
-- Up-to-date: /home/alexis/bipp_ws/install/V1_Robot_Mobil_description/share/V1_Robot_Mobil_description//meshes
-- Up-to-date: /home/alexis/bipp_ws/install/V1_Robot_Mobil_description/share/V1_Robot_Mobil_description//meshes/SOCLE_roue_folleV2_v2__2__1.stl
-- Up-to-date: /home/alexis/bipp_ws/install/V1_Robot_Mobil_description/share/V1_Robot_Mobil_description//meshes/SG90_V1_v1__1__1.stl
-- Up-to-date: /home/alexis/bipp_ws/install/V1_Robot_Mobil_description/share/V1_Robot_Mobil_description//meshes/base_camera_niv3_v4_1.stl
-- Up-to-date: /home/alexis/bipp_ws/install/V1_Robot_Mobil_description/share/V1_Robot_Mobil_description//meshes/base_camera_niv1_v1_1.stl
-- Up-to-date: /home/alexis/bipp_ws/install/V1_Robot_Mobil_description/share/V1_Robot_Mobil_description//meshes/illustation_entretoise_70mm_v1__3__1.stl
-- Up-to-date: /home/alexis/bipp_ws/install/V1_Robot_Mobil_description/share/V1_Robot_Mobil_description//meshes/gente_droite_1.stl
-- Up-to-date: /home/alexis/bipp_ws/install/V1_Robot_Mobil_description/share/V1_Robot_Mobil_description//meshes/illustation_entretoise_3_v2__1__1.stl
-- Up-to-date: /home/alexis/bipp_ws/install/V1_Robot_Mobil_description/share/V1_Robot_Mobil_description//meshes/illustation_entretoise_12mm_v2__4__1.stl
-- Up-to-date: /home/alexis/bipp_ws/install/V1_Robot_Mobil_description/share/V1_Robot_Mobil_description//meshes/entretoise_roue_folle_v1__2__1.stl
-- Up-to-date: /home/alexis/bipp_ws/install/V1_Robot_Mobil_description/share/V1_Robot_Mobil_description//meshes/illustation_entretoise_26mm_v4__1__1.stl
-- Up-to-date: /home/alexis/bipp_ws/install/V1_Robot_Mobil_description/share/V1_Robot_Mobil_description//meshes/PCB_CIE_robot_2023-09-11_v1_1.stl
-- Up-to-date: /home/alexis/bipp_ws/install/V1_Robot_Mobil_description/share/V1_Robot_Mobil_description//meshes/illustation_entretoise_12mm_v2__13__1.stl
-- Up-to-date: /home/alexis/bipp_ws/install/V1_Robot_Mobil_description/share/V1_Robot_Mobil_description//meshes/illustation_entretoise_26mm_v4__3__1.stl
-- Up-to-date: /home/alexis/bipp_ws/install/V1_Robot_Mobil_description/share/V1_Robot_Mobil_description//meshes/illustation_entretoise_12mm_v2__3__1.stl
-- Up-to-date: /home/alexis/bipp_ws/install/V1_Robot_Mobil_description/share/V1_Robot_Mobil_description//meshes/entretoise_roue_folle_v1__1__1.stl
-- Up-to-date: /home/alexis/bipp_ws/install/V1_Robot_Mobil_description/share/V1_Robot_Mobil_description//meshes/illustation_entretoise_12mm_v2__11__1.stl
-- Up-to-date: /home/alexis/bipp_ws/install/V1_Robot_Mobil_description/share/V1_Robot_Mobil_description//meshes/slot_type_1_v1_1.stl
-- Up-to-date: /home/alexis/bipp_ws/install/V1_Robot_Mobil_description/share/V1_Robot_Mobil_description//meshes/SG90_V1_v1_1.stl
-- Up-to-date: /home/alexis/bipp_ws/install/V1_Robot_Mobil_description/share/V1_Robot_Mobil_description//meshes/base_link.stl
-- Up-to-date: /home/alexis/bipp_ws/install/V1_Robot_Mobil_description/share/V1_Robot_Mobil_description//meshes/illustation_entretoise_12mm_v2__9__1.stl
-- Up-to-date: /home/alexis/bipp_ws/install/V1_Robot_Mobil_description/share/V1_Robot_Mobil_description//meshes/base_camera_niv3_1_v2_1.stl
-- Up-to-date: /home/alexis/bipp_ws/install/V1_Robot_Mobil_description/share/V1_Robot_Mobil_description//meshes/illustation_entretoise_12mm_v2__12__1.stl
-- Up-to-date: /home/alexis/bipp_ws/install/V1_Robot_Mobil_description/share/V1_Robot_Mobil_description//meshes/illustation_entretoise_26mm_v4__2__1.stl
-- Up-to-date: /home/alexis/bipp_ws/install/V1_Robot_Mobil_description/share/V1_Robot_Mobil_description//meshes/base_camera_niv2_1_v6_1.stl
-- Up-to-date: /home/alexis/bipp_ws/install/V1_Robot_Mobil_description/share/V1_Robot_Mobil_description//meshes/ultrasonic_v2_1.stl
-- Up-to-date: /home/alexis/bipp_ws/install/V1_Robot_Mobil_description/share/V1_Robot_Mobil_description//meshes/lidarPlate_v6_1.stl
-- Up-to-date: /home/alexis/bipp_ws/install/V1_Robot_Mobil_description/share/V1_Robot_Mobil_description//meshes/support_roue_1.stl
-- Up-to-date: /home/alexis/bipp_ws/install/V1_Robot_Mobil_description/share/V1_Robot_Mobil_description//meshes/Bille_v1__1__1.stl
-- Up-to-date: /home/alexis/bipp_ws/install/V1_Robot_Mobil_description/share/V1_Robot_Mobil_description//meshes/illustation_entretoise_12mm_v2__5__1.stl
-- Up-to-date: /home/alexis/bipp_ws/install/V1_Robot_Mobil_description/share/V1_Robot_Mobil_description//meshes/illustation_entretoise_12mm_v2__8__1.stl
-- Up-to-date: /home/alexis/bipp_ws/install/V1_Robot_Mobil_description/share/V1_Robot_Mobil_description//meshes/SOCLE_roue_folleV2_v2_1.stl
-- Up-to-date: /home/alexis/bipp_ws/install/V1_Robot_Mobil_description/share/V1_Robot_Mobil_description//meshes/moteur_jaune_1.stl
-- Up-to-date: /home/alexis/bipp_ws/install/V1_Robot_Mobil_description/share/V1_Robot_Mobil_description//meshes/support_roue_2.stl
-- Up-to-date: /home/alexis/bipp_ws/install/V1_Robot_Mobil_description/share/V1_Robot_Mobil_description//meshes/Socle_Niv1_v6_1.stl
-- Up-to-date: /home/alexis/bipp_ws/install/V1_Robot_Mobil_description/share/V1_Robot_Mobil_description//meshes/roue_gauche_1.stl
-- Up-to-date: /home/alexis/bipp_ws/install/V1_Robot_Mobil_description/share/V1_Robot_Mobil_description//meshes/illustation_entretoise_26mm_v4_1.stl
-- Up-to-date: /home/alexis/bipp_ws/install/V1_Robot_Mobil_description/share/V1_Robot_Mobil_description//meshes/Batterie_v3_1.stl
-- Up-to-date: /home/alexis/bipp_ws/install/V1_Robot_Mobil_description/share/V1_Robot_Mobil_description//meshes/moteur_jaune2_1.stl
-- Up-to-date: /home/alexis/bipp_ws/install/V1_Robot_Mobil_description/share/V1_Robot_Mobil_description//meshes/Camera_stereo_v3_1.stl
-- Up-to-date: /home/alexis/bipp_ws/install/V1_Robot_Mobil_description/share/V1_Robot_Mobil_description//meshes/illustation_entretoise_70mm_v1_1.stl
-- Up-to-date: /home/alexis/bipp_ws/install/V1_Robot_Mobil_description/share/V1_Robot_Mobil_description//meshes/illustation_entretoise_12mm_v2__6__1.stl
-- Up-to-date: /home/alexis/bipp_ws/install/V1_Robot_Mobil_description/share/V1_Robot_Mobil_description//meshes/illustation_entretoise_12mm_v2_1.stl
-- Up-to-date: /home/alexis/bipp_ws/install/V1_Robot_Mobil_description/share/V1_Robot_Mobil_description//meshes/Bille_v1__2__1.stl
-- Up-to-date: /home/alexis/bipp_ws/install/V1_Robot_Mobil_description/share/V1_Robot_Mobil_description//meshes/gente_gauche_1.stl
-- Up-to-date: /home/alexis/bipp_ws/install/V1_Robot_Mobil_description/share/V1_Robot_Mobil_description//meshes/Roue_droite_1.stl
-- Up-to-date: /home/alexis/bipp_ws/install/V1_Robot_Mobil_description/share/V1_Robot_Mobil_description//meshes/illustation_entretoise_70mm_v1__1__1.stl
-- Up-to-date: /home/alexis/bipp_ws/install/V1_Robot_Mobil_description/share/V1_Robot_Mobil_description//meshes/illustation_entretoise_12mm_v2__14__1.stl
-- Up-to-date: /home/alexis/bipp_ws/install/V1_Robot_Mobil_description/share/V1_Robot_Mobil_description//meshes/entretoise_roue_folle_v1_1.stl
-- Up-to-date: /home/alexis/bipp_ws/install/V1_Robot_Mobil_description/share/V1_Robot_Mobil_description//meshes/slot_type_2_v4_1.stl
-- Up-to-date: /home/alexis/bipp_ws/install/V1_Robot_Mobil_description/share/V1_Robot_Mobil_description//meshes/illustation_entretoise_12mm_v2__7__1.stl
-- Up-to-date: /home/alexis/bipp_ws/install/V1_Robot_Mobil_description/share/V1_Robot_Mobil_description//meshes/SOCLE_roue_folleV2_v2__1__1.stl
-- Up-to-date: /home/alexis/bipp_ws/install/V1_Robot_Mobil_description/share/V1_Robot_Mobil_description//meshes/Bille_v1_1.stl
-- Up-to-date: /home/alexis/bipp_ws/install/V1_Robot_Mobil_description/share/V1_Robot_Mobil_description//meshes/illustation_entretoise_12mm_v2__2__1.stl
-- Up-to-date: /home/alexis/bipp_ws/install/V1_Robot_Mobil_description/share/V1_Robot_Mobil_description//meshes/base_camera_niv3_1_v2__1__1.stl
-- Up-to-date: /home/alexis/bipp_ws/install/V1_Robot_Mobil_description/share/V1_Robot_Mobil_description//meshes/volume_jeston_v2_1.stl
-- Up-to-date: /home/alexis/bipp_ws/install/V1_Robot_Mobil_description/share/V1_Robot_Mobil_description//meshes/illustation_entretoise_3_v2_1.stl
-- Up-to-date: /home/alexis/bipp_ws/install/V1_Robot_Mobil_description/share/V1_Robot_Mobil_description//meshes/illustation_entretoise_12mm_v2__15__1.stl
-- Up-to-date: /home/alexis/bipp_ws/install/V1_Robot_Mobil_description/share/V1_Robot_Mobil_description//meshes/DFR0205_v6_1.stl
-- Up-to-date: /home/alexis/bipp_ws/install/V1_Robot_Mobil_description/share/V1_Robot_Mobil_description//meshes/illustation_entretoise_12mm_v2__10__1.stl
-- Up-to-date: /home/alexis/bipp_ws/install/V1_Robot_Mobil_description/share/V1_Robot_Mobil_description//meshes/SG90_V1_v1__2__1.stl
-- Up-to-date: /home/alexis/bipp_ws/install/V1_Robot_Mobil_description/share/V1_Robot_Mobil_description//meshes/illustation_entretoise_70mm_v1__2__1.stl
-- Up-to-date: /home/alexis/bipp_ws/install/V1_Robot_Mobil_description/share/V1_Robot_Mobil_description//meshes/SG90_slot_1_1.stl
-- Up-to-date: /home/alexis/bipp_ws/install/V1_Robot_Mobil_description/share/V1_Robot_Mobil_description//meshes/illustation_entretoise_12mm_v2__1__1.stl
-- Up-to-date: /home/alexis/bipp_ws/install/V1_Robot_Mobil_description/share/V1_Robot_Mobil_description//meshes/base_camera_niv2_2_v5_1.stl
-- Up-to-date: /home/alexis/bipp_ws/install/V1_Robot_Mobil_description/share/V1_Robot_Mobil_description//meshes/LIDAR_part2_v2_1.stl
-- Up-to-date: /home/alexis/bipp_ws/install/V1_Robot_Mobil_description/share/V1_Robot_Mobil_description//meshes/LIDAR_part1_v4_1.stl
-- Up-to-date: /home/alexis/bipp_ws/install/V1_Robot_Mobil_description/share/V1_Robot_Mobil_description//launch
-- Up-to-date: /home/alexis/bipp_ws/install/V1_Robot_Mobil_description/share/V1_Robot_Mobil_description//launch/display.launch.xml
-- Up-to-date: /home/alexis/bipp_ws/install/V1_Robot_Mobil_description/share/V1_Robot_Mobil_description//rviz
-- Up-to-date: /home/alexis/bipp_ws/install/V1_Robot_Mobil_description/share/V1_Robot_Mobil_description//rviz/urdf_config.rviz
-- Up-to-date: /home/alexis/bipp_ws/install/V1_Robot_Mobil_description/share/V1_Robot_Mobil_description/meshes
-- Up-to-date: /home/alexis/bipp_ws/install/V1_Robot_Mobil_description/share/V1_Robot_Mobil_description/meshes/SOCLE_roue_folleV2_v2__2__1.stl
-- Up-to-date: /home/alexis/bipp_ws/install/V1_Robot_Mobil_description/share/V1_Robot_Mobil_description/meshes/SG90_V1_v1__1__1.stl
-- Up-to-date: /home/alexis/bipp_ws/install/V1_Robot_Mobil_description/share/V1_Robot_Mobil_description/meshes/base_camera_niv3_v4_1.stl
-- Up-to-date: /home/alexis/bipp_ws/install/V1_Robot_Mobil_description/share/V1_Robot_Mobil_description/meshes/base_camera_niv1_v1_1.stl
-- Up-to-date: /home/alexis/bipp_ws/install/V1_Robot_Mobil_description/share/V1_Robot_Mobil_description/meshes/illustation_entretoise_70mm_v1__3__1.stl
-- Up-to-date: /home/alexis/bipp_ws/install/V1_Robot_Mobil_description/share/V1_Robot_Mobil_description/meshes/gente_droite_1.stl
-- Up-to-date: /home/alexis/bipp_ws/install/V1_Robot_Mobil_description/share/V1_Robot_Mobil_description/meshes/illustation_entretoise_3_v2__1__1.stl
-- Up-to-date: /home/alexis/bipp_ws/install/V1_Robot_Mobil_description/share/V1_Robot_Mobil_description/meshes/illustation_entretoise_12mm_v2__4__1.stl
-- Up-to-date: /home/alexis/bipp_ws/install/V1_Robot_Mobil_description/share/V1_Robot_Mobil_description/meshes/entretoise_roue_folle_v1__2__1.stl
-- Up-to-date: /home/alexis/bipp_ws/install/V1_Robot_Mobil_description/share/V1_Robot_Mobil_description/meshes/illustation_entretoise_26mm_v4__1__1.stl
-- Up-to-date: /home/alexis/bipp_ws/install/V1_Robot_Mobil_description/share/V1_Robot_Mobil_description/meshes/PCB_CIE_robot_2023-09-11_v1_1.stl
-- Up-to-date: /home/alexis/bipp_ws/install/V1_Robot_Mobil_description/share/V1_Robot_Mobil_description/meshes/illustation_entretoise_12mm_v2__13__1.stl
-- Up-to-date: /home/alexis/bipp_ws/install/V1_Robot_Mobil_description/share/V1_Robot_Mobil_description/meshes/illustation_entretoise_26mm_v4__3__1.stl
-- Up-to-date: /home/alexis/bipp_ws/install/V1_Robot_Mobil_description/share/V1_Robot_Mobil_description/meshes/illustation_entretoise_12mm_v2__3__1.stl
-- Up-to-date: /home/alexis/bipp_ws/install/V1_Robot_Mobil_description/share/V1_Robot_Mobil_description/meshes/entretoise_roue_folle_v1__1__1.stl
-- Up-to-date: /home/alexis/bipp_ws/install/V1_Robot_Mobil_description/share/V1_Robot_Mobil_description/meshes/illustation_entretoise_12mm_v2__11__1.stl
-- Up-to-date: /home/alexis/bipp_ws/install/V1_Robot_Mobil_description/share/V1_Robot_Mobil_description/meshes/slot_type_1_v1_1.stl
-- Up-to-date: /home/alexis/bipp_ws/install/V1_Robot_Mobil_description/share/V1_Robot_Mobil_description/meshes/SG90_V1_v1_1.stl
-- Up-to-date: /home/alexis/bipp_ws/install/V1_Robot_Mobil_description/share/V1_Robot_Mobil_description/meshes/base_link.stl
-- Up-to-date: /home/alexis/bipp_ws/install/V1_Robot_Mobil_description/share/V1_Robot_Mobil_description/meshes/illustation_entretoise_12mm_v2__9__1.stl
-- Up-to-date: /home/alexis/bipp_ws/install/V1_Robot_Mobil_description/share/V1_Robot_Mobil_description/meshes/base_camera_niv3_1_v2_1.stl
-- Up-to-date: /home/alexis/bipp_ws/install/V1_Robot_Mobil_description/share/V1_Robot_Mobil_description/meshes/illustation_entretoise_12mm_v2__12__1.stl
-- Up-to-date: /home/alexis/bipp_ws/install/V1_Robot_Mobil_description/share/V1_Robot_Mobil_description/meshes/illustation_entretoise_26mm_v4__2__1.stl
-- Up-to-date: /home/alexis/bipp_ws/install/V1_Robot_Mobil_description/share/V1_Robot_Mobil_description/meshes/base_camera_niv2_1_v6_1.stl
-- Up-to-date: /home/alexis/bipp_ws/install/V1_Robot_Mobil_description/share/V1_Robot_Mobil_description/meshes/ultrasonic_v2_1.stl
-- Up-to-date: /home/alexis/bipp_ws/install/V1_Robot_Mobil_description/share/V1_Robot_Mobil_description/meshes/lidarPlate_v6_1.stl
-- Up-to-date: /home/alexis/bipp_ws/install/V1_Robot_Mobil_description/share/V1_Robot_Mobil_description/meshes/support_roue_1.stl
-- Up-to-date: /home/alexis/bipp_ws/install/V1_Robot_Mobil_description/share/V1_Robot_Mobil_description/meshes/Bille_v1__1__1.stl
-- Up-to-date: /home/alexis/bipp_ws/install/V1_Robot_Mobil_description/share/V1_Robot_Mobil_description/meshes/illustation_entretoise_12mm_v2__5__1.stl
-- Up-to-date: /home/alexis/bipp_ws/install/V1_Robot_Mobil_description/share/V1_Robot_Mobil_description/meshes/illustation_entretoise_12mm_v2__8__1.stl
-- Up-to-date: /home/alexis/bipp_ws/install/V1_Robot_Mobil_description/share/V1_Robot_Mobil_description/meshes/SOCLE_roue_folleV2_v2_1.stl
-- Up-to-date: /home/alexis/bipp_ws/install/V1_Robot_Mobil_description/share/V1_Robot_Mobil_description/meshes/moteur_jaune_1.stl
-- Up-to-date: /home/alexis/bipp_ws/install/V1_Robot_Mobil_description/share/V1_Robot_Mobil_description/meshes/support_roue_2.stl
-- Up-to-date: /home/alexis/bipp_ws/install/V1_Robot_Mobil_description/share/V1_Robot_Mobil_description/meshes/Socle_Niv1_v6_1.stl
-- Up-to-date: /home/alexis/bipp_ws/install/V1_Robot_Mobil_description/share/V1_Robot_Mobil_description/meshes/roue_gauche_1.stl
-- Up-to-date: /home/alexis/bipp_ws/install/V1_Robot_Mobil_description/share/V1_Robot_Mobil_description/meshes/illustation_entretoise_26mm_v4_1.stl
-- Up-to-date: /home/alexis/bipp_ws/install/V1_Robot_Mobil_description/share/V1_Robot_Mobil_description/meshes/Batterie_v3_1.stl
-- Up-to-date: /home/alexis/bipp_ws/install/V1_Robot_Mobil_description/share/V1_Robot_Mobil_description/meshes/moteur_jaune2_1.stl
-- Up-to-date: /home/alexis/bipp_ws/install/V1_Robot_Mobil_description/share/V1_Robot_Mobil_description/meshes/Camera_stereo_v3_1.stl
-- Up-to-date: /home/alexis/bipp_ws/install/V1_Robot_Mobil_description/share/V1_Robot_Mobil_description/meshes/illustation_entretoise_70mm_v1_1.stl
-- Up-to-date: /home/alexis/bipp_ws/install/V1_Robot_Mobil_description/share/V1_Robot_Mobil_description/meshes/illustation_entretoise_12mm_v2__6__1.stl
-- Up-to-date: /home/alexis/bipp_ws/install/V1_Robot_Mobil_description/share/V1_Robot_Mobil_description/meshes/illustation_entretoise_12mm_v2_1.stl
-- Up-to-date: /home/alexis/bipp_ws/install/V1_Robot_Mobil_description/share/V1_Robot_Mobil_description/meshes/Bille_v1__2__1.stl
-- Up-to-date: /home/alexis/bipp_ws/install/V1_Robot_Mobil_description/share/V1_Robot_Mobil_description/meshes/gente_gauche_1.stl
-- Up-to-date: /home/alexis/bipp_ws/install/V1_Robot_Mobil_description/share/V1_Robot_Mobil_description/meshes/Roue_droite_1.stl
-- Up-to-date: /home/alexis/bipp_ws/install/V1_Robot_Mobil_description/share/V1_Robot_Mobil_description/meshes/illustation_entretoise_70mm_v1__1__1.stl
-- Up-to-date: /home/alexis/bipp_ws/install/V1_Robot_Mobil_description/share/V1_Robot_Mobil_description/meshes/illustation_entretoise_12mm_v2__14__1.stl
-- Up-to-date: /home/alexis/bipp_ws/install/V1_Robot_Mobil_description/share/V1_Robot_Mobil_description/meshes/entretoise_roue_folle_v1_1.stl
-- Up-to-date: /home/alexis/bipp_ws/install/V1_Robot_Mobil_description/share/V1_Robot_Mobil_description/meshes/slot_type_2_v4_1.stl
-- Up-to-date: /home/alexis/bipp_ws/install/V1_Robot_Mobil_description/share/V1_Robot_Mobil_description/meshes/illustation_entretoise_12mm_v2__7__1.stl
-- Up-to-date: /home/alexis/bipp_ws/install/V1_Robot_Mobil_description/share/V1_Robot_Mobil_description/meshes/SOCLE_roue_folleV2_v2__1__1.stl
-- Up-to-date: /home/alexis/bipp_ws/install/V1_Robot_Mobil_description/share/V1_Robot_Mobil_description/meshes/Bille_v1_1.stl
-- Up-to-date: /home/alexis/bipp_ws/install/V1_Robot_Mobil_description/share/V1_Robot_Mobil_description/meshes/illustation_entretoise_12mm_v2__2__1.stl
-- Up-to-date: /home/alexis/bipp_ws/install/V1_Robot_Mobil_description/share/V1_Robot_Mobil_description/meshes/base_camera_niv3_1_v2__1__1.stl
-- Up-to-date: /home/alexis/bipp_ws/install/V1_Robot_Mobil_description/share/V1_Robot_Mobil_description/meshes/volume_jeston_v2_1.stl
-- Up-to-date: /home/alexis/bipp_ws/install/V1_Robot_Mobil_description/share/V1_Robot_Mobil_description/meshes/illustation_entretoise_3_v2_1.stl
-- Up-to-date: /home/alexis/bipp_ws/install/V1_Robot_Mobil_description/share/V1_Robot_Mobil_description/meshes/illustation_entretoise_12mm_v2__15__1.stl
-- Up-to-date: /home/alexis/bipp_ws/install/V1_Robot_Mobil_description/share/V1_Robot_Mobil_description/meshes/DFR0205_v6_1.stl
-- Up-to-date: /home/alexis/bipp_ws/install/V1_Robot_Mobil_description/share/V1_Robot_Mobil_description/meshes/illustation_entretoise_12mm_v2__10__1.stl
-- Up-to-date: /home/alexis/bipp_ws/install/V1_Robot_Mobil_description/share/V1_Robot_Mobil_description/meshes/SG90_V1_v1__2__1.stl
-- Up-to-date: /home/alexis/bipp_ws/install/V1_Robot_Mobil_description/share/V1_Robot_Mobil_description/meshes/illustation_entretoise_70mm_v1__2__1.stl
-- Up-to-date: /home/alexis/bipp_ws/install/V1_Robot_Mobil_description/share/V1_Robot_Mobil_description/meshes/SG90_slot_1_1.stl
-- Up-to-date: /home/alexis/bipp_ws/install/V1_Robot_Mobil_description/share/V1_Robot_Mobil_description/meshes/illustation_entretoise_12mm_v2__1__1.stl
-- Up-to-date: /home/alexis/bipp_ws/install/V1_Robot_Mobil_description/share/V1_Robot_Mobil_description/meshes/base_camera_niv2_2_v5_1.stl
-- Up-to-date: /home/alexis/bipp_ws/install/V1_Robot_Mobil_description/share/V1_Robot_Mobil_description/meshes/LIDAR_part2_v2_1.stl
-- Up-to-date: /home/alexis/bipp_ws/install/V1_Robot_Mobil_description/share/V1_Robot_Mobil_description/meshes/LIDAR_part1_v4_1.stl
-- Up-to-date: /home/alexis/bipp_ws/install/V1_Robot_Mobil_description/share/ament_index/resource_index/package_run_dependencies/V1_Robot_Mobil_description
-- Up-to-date: /home/alexis/bipp_ws/install/V1_Robot_Mobil_description/share/ament_index/resource_index/parent_prefix_path/V1_Robot_Mobil_description
-- Up-to-date: /home/alexis/bipp_ws/install/V1_Robot_Mobil_description/share/V1_Robot_Mobil_description/environment/ament_prefix_path.sh
-- Up-to-date: /home/alexis/bipp_ws/install/V1_Robot_Mobil_description/share/V1_Robot_Mobil_description/environment/ament_prefix_path.dsv
-- Up-to-date: /home/alexis/bipp_ws/install/V1_Robot_Mobil_description/share/V1_Robot_Mobil_description/environment/path.sh
-- Up-to-date: /home/alexis/bipp_ws/install/V1_Robot_Mobil_description/share/V1_Robot_Mobil_description/environment/path.dsv
-- Up-to-date: /home/alexis/bipp_ws/install/V1_Robot_Mobil_description/share/V1_Robot_Mobil_description/local_setup.bash
-- Up-to-date: /home/alexis/bipp_ws/install/V1_Robot_Mobil_description/share/V1_Robot_Mobil_description/local_setup.sh
-- Up-to-date: /home/alexis/bipp_ws/install/V1_Robot_Mobil_description/share/V1_Robot_Mobil_description/local_setup.zsh
-- Up-to-date: /home/alexis/bipp_ws/install/V1_Robot_Mobil_description/share/V1_Robot_Mobil_description/local_setup.dsv
-- Installing: /home/alexis/bipp_ws/install/V1_Robot_Mobil_description/share/V1_Robot_Mobil_description/package.dsv
-- Up-to-date: /home/alexis/bipp_ws/install/V1_Robot_Mobil_description/share/ament_index/resource_index/packages/V1_Robot_Mobil_description
-- Up-to-date: /home/alexis/bipp_ws/install/V1_Robot_Mobil_description/share/V1_Robot_Mobil_description/cmake/V1_Robot_Mobil_descriptionConfig.cmake
-- Up-to-date: /home/alexis/bipp_ws/install/V1_Robot_Mobil_description/share/V1_Robot_Mobil_description/cmake/V1_Robot_Mobil_descriptionConfig-version.cmake
-- Up-to-date: /home/alexis/bipp_ws/install/V1_Robot_Mobil_description/share/V1_Robot_Mobil_description/package.xml
