[0.008s] Invoking command in '/home/alexis/bipp_ws/build/V1_Robot_Mobil_description': CMAKE_PREFIX_PATH=${CMAKE_PREFIX_PATH}:/home/alexis/ros2_ws/install/my_py_pkg:/opt/ros/jazzy DEBUGINFOD_URLS=https://debuginfod.ubuntu.com /usr/bin/cmake /home/alexis/bipp_ws/src/V1_Robot_Mobil_description -DCMAKE_INSTALL_PREFIX=/home/alexis/bipp_ws/install/V1_Robot_Mobil_description
[0.041s] -- The C compiler identification is GNU 13.3.0
[0.074s] -- The CXX compiler identification is GNU 13.3.0
[0.083s] -- Detecting C compiler ABI info
[0.135s] -- Detecting C compiler ABI info - done
[0.140s] -- Check for working C compiler: /usr/bin/cc - skipped
[0.140s] -- Detecting C compile features
[0.140s] -- Detecting C compile features - done
[0.145s] -- Detecting CXX compiler ABI info
[0.198s] -- Detecting CXX compiler ABI info - done
[0.203s] -- Check for working CXX compiler: /usr/bin/c++ - skipped
[0.204s] -- Detecting CXX compile features
[0.204s] -- Detecting CXX compile features - done
[0.207s] -- Found ament_cmake: 2.5.4 (/opt/ros/jazzy/share/ament_cmake/cmake)
[0.286s] -- Found Python3: /usr/bin/python3 (found version "3.12.3") found components: Interpreter 
[0.387s] WARNING: Package name "V1_Robot_Mobil_description" does not follow the naming conventions. It should start with a lower case letter and only contain lower case letters, digits, underscores, and dashes.
[0.395s] [31mCMake Error at /opt/ros/jazzy/share/ament_cmake_core/cmake/core/ament_package_xml.cmake:53 (message):
[0.395s]   ament_package_xml() package name 'V1_Robot_Mobil_description' in
[0.395s]   '/package.xml' does not match current PROJECT_NAME 'my_robot_description'.
[0.395s]   You must call project() with the same package name before.
[0.395s] Call Stack (most recent call first):
[0.395s]   /opt/ros/jazzy/share/ament_cmake_core/cmake/core/ament_package.cmake:63 (ament_package_xml)
[0.395s]   CMakeLists.txt:16 (ament_package)
[0.395s] 
[0.395s] [0m
[0.395s] -- Configuring incomplete, errors occurred!
[0.399s] Invoked command in '/home/alexis/bipp_ws/build/V1_Robot_Mobil_description' returned '1': CMAKE_PREFIX_PATH=${CMAKE_PREFIX_PATH}:/home/alexis/ros2_ws/install/my_py_pkg:/opt/ros/jazzy DEBUGINFOD_URLS=https://debuginfod.ubuntu.com /usr/bin/cmake /home/alexis/bipp_ws/src/V1_Robot_Mobil_description -DCMAKE_INSTALL_PREFIX=/home/alexis/bipp_ws/install/V1_Robot_Mobil_description
