[0.008s] Invoking command in '/home/alexis/bipp_ws/build/my_robot_bringup': CMAKE_PREFIX_PATH=${CMAKE_PREFIX_PATH}:/home/alexis/ros2_ws/install/my_py_pkg:/opt/ros/jazzy DEBUGINFOD_URLS=https://debuginfod.ubuntu.com /usr/bin/cmake --build /home/alexis/bipp_ws/build/my_robot_bringup -- -j4 -l4
[0.031s] Invoked command in '/home/alexis/bipp_ws/build/my_robot_bringup' returned '0': CMAKE_PREFIX_PATH=${CMAKE_PREFIX_PATH}:/home/alexis/ros2_ws/install/my_py_pkg:/opt/ros/jazzy DEBUGINFOD_URLS=https://debuginfod.ubuntu.com /usr/bin/cmake --build /home/alexis/bipp_ws/build/my_robot_bringup -- -j4 -l4
[0.036s] Invoking command in '/home/alexis/bipp_ws/build/my_robot_bringup': CMAKE_PREFIX_PATH=${CMAKE_PREFIX_PATH}:/home/alexis/ros2_ws/install/my_py_pkg:/opt/ros/jazzy DEBUGINFOD_URLS=https://debuginfod.ubuntu.com /usr/bin/cmake --install /home/alexis/bipp_ws/build/my_robot_bringup
[0.040s] -- Install configuration: ""
[0.040s] -- Up-to-date: /home/alexis/bipp_ws/install/my_robot_bringup/share/my_robot_bringup//launch
[0.040s] -- Installing: /home/alexis/bipp_ws/install/my_robot_bringup/share/my_robot_bringup//launch/my_robot_gazebo.launch
[0.043s] -- Up-to-date: /home/alexis/bipp_ws/install/my_robot_bringup/share/my_robot_bringup//config
[0.043s] -- Installing: /home/alexis/bipp_ws/install/my_robot_bringup/share/my_robot_bringup//config/gazebo_bridge.yaml
[0.043s] -- Up-to-date: /home/alexis/bipp_ws/install/my_robot_bringup/share/ament_index/resource_index/package_run_dependencies/my_robot_bringup
[0.043s] -- Up-to-date: /home/alexis/bipp_ws/install/my_robot_bringup/share/ament_index/resource_index/parent_prefix_path/my_robot_bringup
[0.043s] -- Up-to-date: /home/alexis/bipp_ws/install/my_robot_bringup/share/my_robot_bringup/environment/ament_prefix_path.sh
[0.044s] -- Up-to-date: /home/alexis/bipp_ws/install/my_robot_bringup/share/my_robot_bringup/environment/ament_prefix_path.dsv
[0.044s] -- Up-to-date: /home/alexis/bipp_ws/install/my_robot_bringup/share/my_robot_bringup/environment/path.sh
[0.044s] -- Up-to-date: /home/alexis/bipp_ws/install/my_robot_bringup/share/my_robot_bringup/environment/path.dsv
[0.044s] -- Up-to-date: /home/alexis/bipp_ws/install/my_robot_bringup/share/my_robot_bringup/local_setup.bash
[0.044s] -- Up-to-date: /home/alexis/bipp_ws/install/my_robot_bringup/share/my_robot_bringup/local_setup.sh
[0.044s] -- Up-to-date: /home/alexis/bipp_ws/install/my_robot_bringup/share/my_robot_bringup/local_setup.zsh
[0.044s] -- Up-to-date: /home/alexis/bipp_ws/install/my_robot_bringup/share/my_robot_bringup/local_setup.dsv
[0.044s] -- Installing: /home/alexis/bipp_ws/install/my_robot_bringup/share/my_robot_bringup/package.dsv
[0.047s] -- Up-to-date: /home/alexis/bipp_ws/install/my_robot_bringup/share/ament_index/resource_index/packages/my_robot_bringup
[0.047s] -- Up-to-date: /home/alexis/bipp_ws/install/my_robot_bringup/share/my_robot_bringup/cmake/my_robot_bringupConfig.cmake
[0.047s] -- Up-to-date: /home/alexis/bipp_ws/install/my_robot_bringup/share/my_robot_bringup/cmake/my_robot_bringupConfig-version.cmake
[0.048s] -- Up-to-date: /home/alexis/bipp_ws/install/my_robot_bringup/share/my_robot_bringup/package.xml
[0.050s] Invoked command in '/home/alexis/bipp_ws/build/my_robot_bringup' returned '0': CMAKE_PREFIX_PATH=${CMAKE_PREFIX_PATH}:/home/alexis/ros2_ws/install/my_py_pkg:/opt/ros/jazzy DEBUGINFOD_URLS=https://debuginfod.ubuntu.com /usr/bin/cmake --install /home/alexis/bipp_ws/build/my_robot_bringup
