[0.006s] Invoking command in '/home/alexis/bipp_ws/build/my_robot_description': CMAKE_PREFIX_PATH=${CMAKE_PREFIX_PATH}:/home/alexis/ros2_ws/install/my_py_pkg:/opt/ros/jazzy DEBUGINFOD_URLS=https://debuginfod.ubuntu.com /usr/bin/cmake --build /home/alexis/bipp_ws/build/my_robot_description -- -j4 -l4
[0.027s] Invoked command in '/home/alexis/bipp_ws/build/my_robot_description' returned '0': CMAKE_PREFIX_PATH=${CMAKE_PREFIX_PATH}:/home/alexis/ros2_ws/install/my_py_pkg:/opt/ros/jazzy DEBUGINFOD_URLS=https://debuginfod.ubuntu.com /usr/bin/cmake --build /home/alexis/bipp_ws/build/my_robot_description -- -j4 -l4
[0.032s] Invoking command in '/home/alexis/bipp_ws/build/my_robot_description': CMAKE_PREFIX_PATH=${CMAKE_PREFIX_PATH}:/home/alexis/ros2_ws/install/my_py_pkg:/opt/ros/jazzy DEBUGINFOD_URLS=https://debuginfod.ubuntu.com /usr/bin/cmake --install /home/alexis/bipp_ws/build/my_robot_description
[0.036s] -- Install configuration: ""
[0.036s] -- Up-to-date: /home/alexis/bipp_ws/install/my_robot_description/share/my_robot_description//urdf
[0.036s] -- Up-to-date: /home/alexis/bipp_ws/install/my_robot_description/share/my_robot_description//urdf/materials.xacro
[0.036s] -- Up-to-date: /home/alexis/bipp_ws/install/my_robot_description/share/my_robot_description//urdf/V1_Robot_Mobil.xacro
[0.036s] -- Up-to-date: /home/alexis/bipp_ws/install/my_robot_description/share/my_robot_description//meshes
[0.036s] -- Up-to-date: /home/alexis/bipp_ws/install/my_robot_description/share/my_robot_description//meshes/SOCLE_roue_folleV2_v2__2__1.stl
[0.036s] -- Up-to-date: /home/alexis/bipp_ws/install/my_robot_description/share/my_robot_description//meshes/SG90_V1_v1__1__1.stl
[0.036s] -- Up-to-date: /home/alexis/bipp_ws/install/my_robot_description/share/my_robot_description//meshes/base_camera_niv3_v4_1.stl
[0.037s] -- Up-to-date: /home/alexis/bipp_ws/install/my_robot_description/share/my_robot_description//meshes/base_camera_niv1_v1_1.stl
[0.037s] -- Up-to-date: /home/alexis/bipp_ws/install/my_robot_description/share/my_robot_description//meshes/illustation_entretoise_70mm_v1__3__1.stl
[0.037s] -- Up-to-date: /home/alexis/bipp_ws/install/my_robot_description/share/my_robot_description//meshes/gente_droite_1.stl
[0.037s] -- Up-to-date: /home/alexis/bipp_ws/install/my_robot_description/share/my_robot_description//meshes/illustation_entretoise_3_v2__1__1.stl
[0.037s] -- Up-to-date: /home/alexis/bipp_ws/install/my_robot_description/share/my_robot_description//meshes/illustation_entretoise_12mm_v2__4__1.stl
[0.037s] -- Up-to-date: /home/alexis/bipp_ws/install/my_robot_description/share/my_robot_description//meshes/entretoise_roue_folle_v1__2__1.stl
[0.037s] -- Up-to-date: /home/alexis/bipp_ws/install/my_robot_description/share/my_robot_description//meshes/illustation_entretoise_26mm_v4__1__1.stl
[0.037s] -- Up-to-date: /home/alexis/bipp_ws/install/my_robot_description/share/my_robot_description//meshes/PCB_CIE_robot_2023-09-11_v1_1.stl
[0.037s] -- Up-to-date: /home/alexis/bipp_ws/install/my_robot_description/share/my_robot_description//meshes/illustation_entretoise_12mm_v2__13__1.stl
[0.037s] -- Up-to-date: /home/alexis/bipp_ws/install/my_robot_description/share/my_robot_description//meshes/illustation_entretoise_26mm_v4__3__1.stl
[0.037s] -- Up-to-date: /home/alexis/bipp_ws/install/my_robot_description/share/my_robot_description//meshes/illustation_entretoise_12mm_v2__3__1.stl
[0.037s] -- Up-to-date: /home/alexis/bipp_ws/install/my_robot_description/share/my_robot_description//meshes/entretoise_roue_folle_v1__1__1.stl
[0.037s] -- Up-to-date: /home/alexis/bipp_ws/install/my_robot_description/share/my_robot_description//meshes/illustation_entretoise_12mm_v2__11__1.stl
[0.037s] -- Up-to-date: /home/alexis/bipp_ws/install/my_robot_description/share/my_robot_description//meshes/slot_type_1_v1_1.stl
[0.037s] -- Up-to-date: /home/alexis/bipp_ws/install/my_robot_description/share/my_robot_description//meshes/SG90_V1_v1_1.stl
[0.037s] -- Up-to-date: /home/alexis/bipp_ws/install/my_robot_description/share/my_robot_description//meshes/base_link.stl
[0.037s] -- Up-to-date: /home/alexis/bipp_ws/install/my_robot_description/share/my_robot_description//meshes/illustation_entretoise_12mm_v2__9__1.stl
[0.037s] -- Up-to-date: /home/alexis/bipp_ws/install/my_robot_description/share/my_robot_description//meshes/base_camera_niv3_1_v2_1.stl
[0.037s] -- Up-to-date: /home/alexis/bipp_ws/install/my_robot_description/share/my_robot_description//meshes/illustation_entretoise_12mm_v2__12__1.stl
[0.037s] -- Up-to-date: /home/alexis/bipp_ws/install/my_robot_description/share/my_robot_description//meshes/illustation_entretoise_26mm_v4__2__1.stl
[0.037s] -- Up-to-date: /home/alexis/bipp_ws/install/my_robot_description/share/my_robot_description//meshes/base_camera_niv2_1_v6_1.stl
[0.037s] -- Up-to-date: /home/alexis/bipp_ws/install/my_robot_description/share/my_robot_description//meshes/ultrasonic_v2_1.stl
[0.037s] -- Up-to-date: /home/alexis/bipp_ws/install/my_robot_description/share/my_robot_description//meshes/lidarPlate_v6_1.stl
[0.037s] -- Up-to-date: /home/alexis/bipp_ws/install/my_robot_description/share/my_robot_description//meshes/support_roue_1.stl
[0.037s] -- Up-to-date: /home/alexis/bipp_ws/install/my_robot_description/share/my_robot_description//meshes/Bille_v1__1__1.stl
[0.037s] -- Up-to-date: /home/alexis/bipp_ws/install/my_robot_description/share/my_robot_description//meshes/illustation_entretoise_12mm_v2__5__1.stl
[0.037s] -- Up-to-date: /home/alexis/bipp_ws/install/my_robot_description/share/my_robot_description//meshes/illustation_entretoise_12mm_v2__8__1.stl
[0.037s] -- Up-to-date: /home/alexis/bipp_ws/install/my_robot_description/share/my_robot_description//meshes/SOCLE_roue_folleV2_v2_1.stl
[0.037s] -- Up-to-date: /home/alexis/bipp_ws/install/my_robot_description/share/my_robot_description//meshes/moteur_jaune_1.stl
[0.037s] -- Up-to-date: /home/alexis/bipp_ws/install/my_robot_description/share/my_robot_description//meshes/support_roue_2.stl
[0.037s] -- Up-to-date: /home/alexis/bipp_ws/install/my_robot_description/share/my_robot_description//meshes/Socle_Niv1_v6_1.stl
[0.037s] -- Up-to-date: /home/alexis/bipp_ws/install/my_robot_description/share/my_robot_description//meshes/roue_gauche_1.stl
[0.037s] -- Up-to-date: /home/alexis/bipp_ws/install/my_robot_description/share/my_robot_description//meshes/illustation_entretoise_26mm_v4_1.stl
[0.038s] -- Up-to-date: /home/alexis/bipp_ws/install/my_robot_description/share/my_robot_description//meshes/Batterie_v3_1.stl
[0.038s] -- Up-to-date: /home/alexis/bipp_ws/install/my_robot_description/share/my_robot_description//meshes/moteur_jaune2_1.stl
[0.038s] -- Up-to-date: /home/alexis/bipp_ws/install/my_robot_description/share/my_robot_description//meshes/Camera_stereo_v3_1.stl
[0.038s] -- Up-to-date: /home/alexis/bipp_ws/install/my_robot_description/share/my_robot_description//meshes/illustation_entretoise_70mm_v1_1.stl
[0.038s] -- Up-to-date: /home/alexis/bipp_ws/install/my_robot_description/share/my_robot_description//meshes/illustation_entretoise_12mm_v2__6__1.stl
[0.038s] -- Up-to-date: /home/alexis/bipp_ws/install/my_robot_description/share/my_robot_description//meshes/illustation_entretoise_12mm_v2_1.stl
[0.038s] -- Up-to-date: /home/alexis/bipp_ws/install/my_robot_description/share/my_robot_description//meshes/Bille_v1__2__1.stl
[0.038s] -- Up-to-date: /home/alexis/bipp_ws/install/my_robot_description/share/my_robot_description//meshes/gente_gauche_1.stl
[0.038s] -- Up-to-date: /home/alexis/bipp_ws/install/my_robot_description/share/my_robot_description//meshes/Roue_droite_1.stl
[0.038s] -- Up-to-date: /home/alexis/bipp_ws/install/my_robot_description/share/my_robot_description//meshes/illustation_entretoise_70mm_v1__1__1.stl
[0.038s] -- Up-to-date: /home/alexis/bipp_ws/install/my_robot_description/share/my_robot_description//meshes/illustation_entretoise_12mm_v2__14__1.stl
[0.038s] -- Up-to-date: /home/alexis/bipp_ws/install/my_robot_description/share/my_robot_description//meshes/entretoise_roue_folle_v1_1.stl
[0.038s] -- Up-to-date: /home/alexis/bipp_ws/install/my_robot_description/share/my_robot_description//meshes/slot_type_2_v4_1.stl
[0.038s] -- Up-to-date: /home/alexis/bipp_ws/install/my_robot_description/share/my_robot_description//meshes/illustation_entretoise_12mm_v2__7__1.stl
[0.038s] -- Up-to-date: /home/alexis/bipp_ws/install/my_robot_description/share/my_robot_description//meshes/SOCLE_roue_folleV2_v2__1__1.stl
[0.038s] -- Up-to-date: /home/alexis/bipp_ws/install/my_robot_description/share/my_robot_description//meshes/Bille_v1_1.stl
[0.038s] -- Up-to-date: /home/alexis/bipp_ws/install/my_robot_description/share/my_robot_description//meshes/illustation_entretoise_12mm_v2__2__1.stl
[0.038s] -- Up-to-date: /home/alexis/bipp_ws/install/my_robot_description/share/my_robot_description//meshes/base_camera_niv3_1_v2__1__1.stl
[0.038s] -- Up-to-date: /home/alexis/bipp_ws/install/my_robot_description/share/my_robot_description//meshes/volume_jeston_v2_1.stl
[0.038s] -- Up-to-date: /home/alexis/bipp_ws/install/my_robot_description/share/my_robot_description//meshes/illustation_entretoise_3_v2_1.stl
[0.038s] -- Up-to-date: /home/alexis/bipp_ws/install/my_robot_description/share/my_robot_description//meshes/illustation_entretoise_12mm_v2__15__1.stl
[0.038s] -- Up-to-date: /home/alexis/bipp_ws/install/my_robot_description/share/my_robot_description//meshes/DFR0205_v6_1.stl
[0.038s] -- Up-to-date: /home/alexis/bipp_ws/install/my_robot_description/share/my_robot_description//meshes/illustation_entretoise_12mm_v2__10__1.stl
[0.038s] -- Up-to-date: /home/alexis/bipp_ws/install/my_robot_description/share/my_robot_description//meshes/SG90_V1_v1__2__1.stl
[0.038s] -- Up-to-date: /home/alexis/bipp_ws/install/my_robot_description/share/my_robot_description//meshes/illustation_entretoise_70mm_v1__2__1.stl
[0.038s] -- Up-to-date: /home/alexis/bipp_ws/install/my_robot_description/share/my_robot_description//meshes/SG90_slot_1_1.stl
[0.038s] -- Up-to-date: /home/alexis/bipp_ws/install/my_robot_description/share/my_robot_description//meshes/illustation_entretoise_12mm_v2__1__1.stl
[0.038s] -- Up-to-date: /home/alexis/bipp_ws/install/my_robot_description/share/my_robot_description//meshes/base_camera_niv2_2_v5_1.stl
[0.038s] -- Up-to-date: /home/alexis/bipp_ws/install/my_robot_description/share/my_robot_description//meshes/LIDAR_part2_v2_1.stl
[0.038s] -- Up-to-date: /home/alexis/bipp_ws/install/my_robot_description/share/my_robot_description//meshes/LIDAR_part1_v4_1.stl
[0.038s] -- Up-to-date: /home/alexis/bipp_ws/install/my_robot_description/share/ament_index/resource_index/package_run_dependencies/my_robot_description
[0.039s] -- Up-to-date: /home/alexis/bipp_ws/install/my_robot_description/share/ament_index/resource_index/parent_prefix_path/my_robot_description
[0.039s] -- Up-to-date: /home/alexis/bipp_ws/install/my_robot_description/share/my_robot_description/environment/ament_prefix_path.sh
[0.039s] -- Up-to-date: /home/alexis/bipp_ws/install/my_robot_description/share/my_robot_description/environment/ament_prefix_path.dsv
[0.039s] -- Up-to-date: /home/alexis/bipp_ws/install/my_robot_description/share/my_robot_description/environment/path.sh
[0.039s] -- Up-to-date: /home/alexis/bipp_ws/install/my_robot_description/share/my_robot_description/environment/path.dsv
[0.039s] -- Up-to-date: /home/alexis/bipp_ws/install/my_robot_description/share/my_robot_description/local_setup.bash
[0.039s] -- Up-to-date: /home/alexis/bipp_ws/install/my_robot_description/share/my_robot_description/local_setup.sh
[0.039s] -- Up-to-date: /home/alexis/bipp_ws/install/my_robot_description/share/my_robot_description/local_setup.zsh
[0.039s] -- Up-to-date: /home/alexis/bipp_ws/install/my_robot_description/share/my_robot_description/local_setup.dsv
[0.039s] -- Installing: /home/alexis/bipp_ws/install/my_robot_description/share/my_robot_description/package.dsv
[0.039s] -- Up-to-date: /home/alexis/bipp_ws/install/my_robot_description/share/ament_index/resource_index/packages/my_robot_description
[0.039s] -- Up-to-date: /home/alexis/bipp_ws/install/my_robot_description/share/my_robot_description/cmake/my_robot_descriptionConfig.cmake
[0.039s] -- Up-to-date: /home/alexis/bipp_ws/install/my_robot_description/share/my_robot_description/cmake/my_robot_descriptionConfig-version.cmake
[0.039s] -- Up-to-date: /home/alexis/bipp_ws/install/my_robot_description/share/my_robot_description/package.xml
[0.041s] Invoked command in '/home/alexis/bipp_ws/build/my_robot_description' returned '0': CMAKE_PREFIX_PATH=${CMAKE_PREFIX_PATH}:/home/alexis/ros2_ws/install/my_py_pkg:/opt/ros/jazzy DEBUGINFOD_URLS=https://debuginfod.ubuntu.com /usr/bin/cmake --install /home/alexis/bipp_ws/build/my_robot_description
